2025-06-25 22:10:05,892 - root - INFO - ===== Logging initialised =====
2025-06-25 22:10:12,896 - root - INFO - ===== Application terminated =====
2025-06-25 22:35:40,002 - root - INFO - ===== Logging initialised =====
2025-06-25 22:35:55,402 - orlando_toolkit.core.services.conversion_service - INFO - Converting DOCX → DITA: /home/orso/Downloads/BEO001 - Manuel d'administration EFB MAY25.docx
2025-06-25 22:35:55,403 - orlando_toolkit.core.converter.docx_to_dita - INFO - Starting DOCX→DITA conversion (core.converter)…: /home/orso/Downloads/BEO001 - Manuel d'administration EFB MAY25.docx
2025-06-25 22:35:55,484 - PIL.Image - DEBUG - Importing AvifImagePlugin
2025-06-25 22:35:55,485 - PIL.Image - DEBUG - Importing BlpImagePlugin
2025-06-25 22:35:55,485 - PIL.Image - DEBUG - Importing BmpImagePlugin
2025-06-25 22:35:55,485 - PIL.Image - DEBUG - Importing BufrStubImagePlugin
2025-06-25 22:35:55,486 - PIL.Image - DEBUG - Importing CurImagePlugin
2025-06-25 22:35:55,486 - PIL.Image - DEBUG - Importing DcxImagePlugin
2025-06-25 22:35:55,486 - PIL.Image - DEBUG - Importing DdsImagePlugin
2025-06-25 22:35:55,489 - PIL.Image - DEBUG - Importing EpsImagePlugin
2025-06-25 22:35:55,489 - PIL.Image - DEBUG - Importing FitsImagePlugin
2025-06-25 22:35:55,489 - PIL.Image - DEBUG - Importing FliImagePlugin
2025-06-25 22:35:55,489 - PIL.Image - DEBUG - Importing FpxImagePlugin
2025-06-25 22:35:55,490 - PIL.Image - DEBUG - Image: failed to import FpxImagePlugin: No module named 'olefile'
2025-06-25 22:35:55,490 - PIL.Image - DEBUG - Importing FtexImagePlugin
2025-06-25 22:35:55,490 - PIL.Image - DEBUG - Importing GbrImagePlugin
2025-06-25 22:35:55,490 - PIL.Image - DEBUG - Importing GifImagePlugin
2025-06-25 22:35:55,490 - PIL.Image - DEBUG - Importing GribStubImagePlugin
2025-06-25 22:35:55,490 - PIL.Image - DEBUG - Importing Hdf5StubImagePlugin
2025-06-25 22:35:55,490 - PIL.Image - DEBUG - Importing IcnsImagePlugin
2025-06-25 22:35:55,491 - PIL.Image - DEBUG - Importing IcoImagePlugin
2025-06-25 22:35:55,492 - PIL.Image - DEBUG - Importing ImImagePlugin
2025-06-25 22:35:55,492 - PIL.Image - DEBUG - Importing ImtImagePlugin
2025-06-25 22:35:55,492 - PIL.Image - DEBUG - Importing IptcImagePlugin
2025-06-25 22:35:55,493 - PIL.Image - DEBUG - Importing JpegImagePlugin
2025-06-25 22:35:55,493 - PIL.Image - DEBUG - Importing Jpeg2KImagePlugin
2025-06-25 22:35:55,493 - PIL.Image - DEBUG - Importing McIdasImagePlugin
2025-06-25 22:35:55,493 - PIL.Image - DEBUG - Importing MicImagePlugin
2025-06-25 22:35:55,493 - PIL.Image - DEBUG - Image: failed to import MicImagePlugin: No module named 'olefile'
2025-06-25 22:35:55,493 - PIL.Image - DEBUG - Importing MpegImagePlugin
2025-06-25 22:35:55,493 - PIL.Image - DEBUG - Importing MpoImagePlugin
2025-06-25 22:35:55,497 - PIL.Image - DEBUG - Importing MspImagePlugin
2025-06-25 22:35:55,497 - PIL.Image - DEBUG - Importing PalmImagePlugin
2025-06-25 22:35:55,498 - PIL.Image - DEBUG - Importing PcdImagePlugin
2025-06-25 22:35:55,498 - PIL.Image - DEBUG - Importing PcxImagePlugin
2025-06-25 22:35:55,498 - PIL.Image - DEBUG - Importing PdfImagePlugin
2025-06-25 22:35:55,502 - PIL.Image - DEBUG - Importing PixarImagePlugin
2025-06-25 22:35:55,502 - PIL.Image - DEBUG - Importing PngImagePlugin
2025-06-25 22:35:55,502 - PIL.Image - DEBUG - Importing PpmImagePlugin
2025-06-25 22:35:55,502 - PIL.Image - DEBUG - Importing PsdImagePlugin
2025-06-25 22:35:55,502 - PIL.Image - DEBUG - Importing QoiImagePlugin
2025-06-25 22:35:55,503 - PIL.Image - DEBUG - Importing SgiImagePlugin
2025-06-25 22:35:55,503 - PIL.Image - DEBUG - Importing SpiderImagePlugin
2025-06-25 22:35:55,503 - PIL.Image - DEBUG - Importing SunImagePlugin
2025-06-25 22:35:55,504 - PIL.Image - DEBUG - Importing TgaImagePlugin
2025-06-25 22:35:55,504 - PIL.Image - DEBUG - Importing TiffImagePlugin
2025-06-25 22:35:55,504 - PIL.Image - DEBUG - Importing WebPImagePlugin
2025-06-25 22:35:55,504 - PIL.Image - DEBUG - Importing WmfImagePlugin
2025-06-25 22:35:55,505 - PIL.Image - DEBUG - Importing XbmImagePlugin
2025-06-25 22:35:55,505 - PIL.Image - DEBUG - Importing XpmImagePlugin
2025-06-25 22:35:55,505 - PIL.Image - DEBUG - Importing XVThumbImagePlugin
2025-06-25 22:35:55,506 - PIL.PngImagePlugin - DEBUG - STREAM b'IHDR' 16 13
2025-06-25 22:35:55,506 - PIL.PngImagePlugin - DEBUG - STREAM b'iCCP' 41 353
2025-06-25 22:35:55,506 - PIL.PngImagePlugin - DEBUG - iCCP profile name b'kCGColorSpaceDisplayP3'
2025-06-25 22:35:55,506 - PIL.PngImagePlugin - DEBUG - Compression method 0
2025-06-25 22:35:55,506 - PIL.PngImagePlugin - DEBUG - STREAM b'eXIf' 406 130
2025-06-25 22:35:55,506 - PIL.PngImagePlugin - DEBUG - STREAM b'iTXt' 548 495
2025-06-25 22:35:55,506 - PIL.PngImagePlugin - DEBUG - STREAM b'IDAT' 1055 16384
2025-06-25 22:35:55,506 - PIL.PngImagePlugin - DEBUG - STREAM b'IHDR' 16 13
2025-06-25 22:35:55,506 - PIL.PngImagePlugin - DEBUG - STREAM b'sRGB' 41 1
2025-06-25 22:35:55,506 - PIL.PngImagePlugin - DEBUG - STREAM b'gAMA' 54 4
2025-06-25 22:35:55,506 - PIL.PngImagePlugin - DEBUG - STREAM b'pHYs' 70 9
2025-06-25 22:35:55,507 - PIL.PngImagePlugin - DEBUG - STREAM b'IDAT' 91 65445
2025-06-25 22:35:55,507 - PIL.TiffImagePlugin - DEBUG - tag: Orientation (274) - type: short (3) - value: b'\x00\x01'
2025-06-25 22:35:55,507 - PIL.TiffImagePlugin - DEBUG - tag: XResolution (282) - type: rational (5) Tag Location: 34 - Data Location: 74 - value: b'\x00\x00\x00H\x00\x00\x00\x01'
2025-06-25 22:35:55,507 - PIL.TiffImagePlugin - DEBUG - tag: YResolution (283) - type: rational (5) Tag Location: 46 - Data Location: 82 - value: b'\x00\x00\x00H\x00\x00\x00\x01'
2025-06-25 22:35:55,507 - PIL.TiffImagePlugin - DEBUG - tag: ResolutionUnit (296) - type: short (3) - value: b'\x00\x02'
2025-06-25 22:35:55,507 - PIL.TiffImagePlugin - DEBUG - tag: ExifIFD (34665) - type: long (4) - value: b'\x00\x00\x00Z'
2025-06-25 22:35:55,507 - PIL.PngImagePlugin - DEBUG - STREAM b'IHDR' 16 13
2025-06-25 22:35:55,507 - PIL.PngImagePlugin - DEBUG - STREAM b'bKGD' 41 6
2025-06-25 22:35:55,507 - PIL.PngImagePlugin - DEBUG - b'bKGD' 41 6 (unknown)
2025-06-25 22:35:55,507 - PIL.PngImagePlugin - DEBUG - STREAM b'pHYs' 59 9
2025-06-25 22:35:55,507 - PIL.PngImagePlugin - DEBUG - STREAM b'IDAT' 80 8192
2025-06-25 22:35:55,507 - PIL.PngImagePlugin - DEBUG - STREAM b'IHDR' 16 13
2025-06-25 22:35:55,507 - PIL.PngImagePlugin - DEBUG - STREAM b'sRGB' 41 1
2025-06-25 22:35:55,507 - PIL.PngImagePlugin - DEBUG - STREAM b'gAMA' 54 4
2025-06-25 22:35:55,507 - PIL.PngImagePlugin - DEBUG - STREAM b'pHYs' 70 9
2025-06-25 22:35:55,507 - PIL.PngImagePlugin - DEBUG - STREAM b'IDAT' 91 65445
2025-06-25 22:35:55,507 - PIL.PngImagePlugin - DEBUG - STREAM b'IHDR' 16 13
2025-06-25 22:35:55,507 - PIL.PngImagePlugin - DEBUG - STREAM b'IDAT' 41 8192
2025-06-25 22:35:55,507 - PIL.PngImagePlugin - DEBUG - STREAM b'IHDR' 16 13
2025-06-25 22:35:55,507 - PIL.PngImagePlugin - DEBUG - STREAM b'sRGB' 41 1
2025-06-25 22:35:55,507 - PIL.PngImagePlugin - DEBUG - STREAM b'gAMA' 54 4
2025-06-25 22:35:55,507 - PIL.PngImagePlugin - DEBUG - STREAM b'pHYs' 70 9
2025-06-25 22:35:55,508 - PIL.PngImagePlugin - DEBUG - STREAM b'IDAT' 91 65445
2025-06-25 22:35:55,508 - PIL.PngImagePlugin - DEBUG - STREAM b'IHDR' 16 13
2025-06-25 22:35:55,508 - PIL.PngImagePlugin - DEBUG - STREAM b'sRGB' 41 1
2025-06-25 22:35:55,508 - PIL.PngImagePlugin - DEBUG - STREAM b'gAMA' 54 4
2025-06-25 22:35:55,508 - PIL.PngImagePlugin - DEBUG - STREAM b'pHYs' 70 9
2025-06-25 22:35:55,508 - PIL.PngImagePlugin - DEBUG - STREAM b'IDAT' 91 65445
2025-06-25 22:35:55,508 - PIL.PngImagePlugin - DEBUG - STREAM b'IHDR' 16 13
2025-06-25 22:35:55,508 - PIL.PngImagePlugin - DEBUG - STREAM b'sRGB' 41 1
2025-06-25 22:35:55,508 - PIL.PngImagePlugin - DEBUG - STREAM b'gAMA' 54 4
2025-06-25 22:35:55,508 - PIL.PngImagePlugin - DEBUG - STREAM b'pHYs' 70 9
2025-06-25 22:35:55,508 - PIL.PngImagePlugin - DEBUG - STREAM b'IDAT' 91 65445
2025-06-25 22:35:55,508 - PIL.PngImagePlugin - DEBUG - STREAM b'IHDR' 16 13
2025-06-25 22:35:55,508 - PIL.PngImagePlugin - DEBUG - STREAM b'iCCP' 41 353
2025-06-25 22:35:55,508 - PIL.PngImagePlugin - DEBUG - iCCP profile name b'kCGColorSpaceDisplayP3'
2025-06-25 22:35:55,508 - PIL.PngImagePlugin - DEBUG - Compression method 0
2025-06-25 22:35:55,508 - PIL.PngImagePlugin - DEBUG - STREAM b'eXIf' 406 130
2025-06-25 22:35:55,508 - PIL.PngImagePlugin - DEBUG - STREAM b'iTXt' 548 495
2025-06-25 22:35:55,508 - PIL.PngImagePlugin - DEBUG - STREAM b'IDAT' 1055 16384
2025-06-25 22:35:55,508 - PIL.TiffImagePlugin - DEBUG - tag: Orientation (274) - type: short (3) - value: b'\x00\x01'
2025-06-25 22:35:55,509 - PIL.TiffImagePlugin - DEBUG - tag: XResolution (282) - type: rational (5) Tag Location: 34 - Data Location: 74 - value: b'\x00\x00\x00H\x00\x00\x00\x01'
2025-06-25 22:35:55,509 - PIL.TiffImagePlugin - DEBUG - tag: YResolution (283) - type: rational (5) Tag Location: 46 - Data Location: 82 - value: b'\x00\x00\x00H\x00\x00\x00\x01'
2025-06-25 22:35:55,509 - PIL.TiffImagePlugin - DEBUG - tag: ResolutionUnit (296) - type: short (3) - value: b'\x00\x02'
2025-06-25 22:35:55,509 - PIL.TiffImagePlugin - DEBUG - tag: ExifIFD (34665) - type: long (4) - value: b'\x00\x00\x00Z'
2025-06-25 22:35:55,509 - PIL.PngImagePlugin - DEBUG - STREAM b'IHDR' 16 13
2025-06-25 22:35:55,509 - PIL.PngImagePlugin - DEBUG - STREAM b'iCCP' 41 353
2025-06-25 22:35:55,509 - PIL.PngImagePlugin - DEBUG - iCCP profile name b'kCGColorSpaceDisplayP3'
2025-06-25 22:35:55,509 - PIL.PngImagePlugin - DEBUG - Compression method 0
2025-06-25 22:35:55,509 - PIL.PngImagePlugin - DEBUG - STREAM b'eXIf' 406 130
2025-06-25 22:35:55,509 - PIL.PngImagePlugin - DEBUG - STREAM b'iTXt' 548 495
2025-06-25 22:35:55,509 - PIL.PngImagePlugin - DEBUG - STREAM b'IDAT' 1055 16384
2025-06-25 22:35:55,509 - PIL.PngImagePlugin - DEBUG - STREAM b'IHDR' 16 13
2025-06-25 22:35:55,509 - PIL.PngImagePlugin - DEBUG - STREAM b'sRGB' 41 1
2025-06-25 22:35:55,509 - PIL.PngImagePlugin - DEBUG - STREAM b'gAMA' 54 4
2025-06-25 22:35:55,509 - PIL.PngImagePlugin - DEBUG - STREAM b'pHYs' 70 9
2025-06-25 22:35:55,509 - PIL.PngImagePlugin - DEBUG - STREAM b'IDAT' 91 65445
2025-06-25 22:35:55,509 - PIL.PngImagePlugin - DEBUG - STREAM b'IHDR' 16 13
2025-06-25 22:35:55,509 - PIL.PngImagePlugin - DEBUG - STREAM b'iCCP' 41 353
2025-06-25 22:35:55,510 - PIL.PngImagePlugin - DEBUG - iCCP profile name b'kCGColorSpaceDisplayP3'
2025-06-25 22:35:55,510 - PIL.PngImagePlugin - DEBUG - Compression method 0
2025-06-25 22:35:55,510 - PIL.PngImagePlugin - DEBUG - STREAM b'eXIf' 406 130
2025-06-25 22:35:55,510 - PIL.PngImagePlugin - DEBUG - STREAM b'iTXt' 548 495
2025-06-25 22:35:55,510 - PIL.PngImagePlugin - DEBUG - STREAM b'IDAT' 1055 16384
2025-06-25 22:35:55,510 - PIL.PngImagePlugin - DEBUG - STREAM b'IHDR' 16 13
2025-06-25 22:35:55,510 - PIL.PngImagePlugin - DEBUG - STREAM b'PLTE' 41 768
2025-06-25 22:35:55,510 - PIL.PngImagePlugin - DEBUG - STREAM b'bKGD' 821 1
2025-06-25 22:35:55,510 - PIL.PngImagePlugin - DEBUG - b'bKGD' 821 1 (unknown)
2025-06-25 22:35:55,510 - PIL.PngImagePlugin - DEBUG - STREAM b'pHYs' 834 9
2025-06-25 22:35:55,510 - PIL.PngImagePlugin - DEBUG - STREAM b'IDAT' 855 8192
2025-06-25 22:35:56,101 - orlando_toolkit.core.converter.docx_to_dita - INFO - DOCX→DITA conversion finished (core.converter).
2025-06-25 22:35:59,834 - orlando_toolkit.ui.metadata_tab - INFO - Context updated: manual_title = Manuel d'administration EFB MAY25
2025-06-25 22:36:12,374 - orlando_toolkit.ui.metadata_tab - INFO - Context updated: manual_code = BEO001_TEST_REFACTOR
2025-06-25 22:36:34,145 - orlando_toolkit.core.converter - INFO - Updating topic filenames and references (core.converter)…
2025-06-25 22:36:34,150 - orlando_toolkit.core.converter - INFO - Updating image names and references (core.converter)…
2025-06-25 22:36:34,150 - orlando_toolkit.core.services.conversion_service - INFO - Writing DITA package → /home/orso/Downloads/TEST_OT.zip
2025-06-25 22:36:34,194 - orlando_toolkit.core.converter - INFO - DITA package saved to /tmp/orlando_packager_wytnkjm3
2025-06-25 22:38:18,088 - root - INFO - ===== Application terminated =====
2025-06-25 22:41:34,984 - root - INFO - ===== Logging initialised =====
2025-06-25 22:41:44,709 - orlando_toolkit.core.services.conversion_service - INFO - Converting DOCX → DITA: /home/orso/Downloads/BEO001 - Manuel d'administration EFB MAY25.docx
2025-06-25 22:41:44,709 - orlando_toolkit.core.converter.docx_to_dita - INFO - Starting DOCX→DITA conversion (core.converter)…: /home/orso/Downloads/BEO001 - Manuel d'administration EFB MAY25.docx
2025-06-25 22:41:44,780 - PIL.Image - DEBUG - Importing AvifImagePlugin
2025-06-25 22:41:44,780 - PIL.Image - DEBUG - Importing BlpImagePlugin
2025-06-25 22:41:44,781 - PIL.Image - DEBUG - Importing BmpImagePlugin
2025-06-25 22:41:44,781 - PIL.Image - DEBUG - Importing BufrStubImagePlugin
2025-06-25 22:41:44,781 - PIL.Image - DEBUG - Importing CurImagePlugin
2025-06-25 22:41:44,781 - PIL.Image - DEBUG - Importing DcxImagePlugin
2025-06-25 22:41:44,782 - PIL.Image - DEBUG - Importing DdsImagePlugin
2025-06-25 22:41:44,784 - PIL.Image - DEBUG - Importing EpsImagePlugin
2025-06-25 22:41:44,785 - PIL.Image - DEBUG - Importing FitsImagePlugin
2025-06-25 22:41:44,785 - PIL.Image - DEBUG - Importing FliImagePlugin
2025-06-25 22:41:44,785 - PIL.Image - DEBUG - Importing FpxImagePlugin
2025-06-25 22:41:44,786 - PIL.Image - DEBUG - Image: failed to import FpxImagePlugin: No module named 'olefile'
2025-06-25 22:41:44,786 - PIL.Image - DEBUG - Importing FtexImagePlugin
2025-06-25 22:41:44,786 - PIL.Image - DEBUG - Importing GbrImagePlugin
2025-06-25 22:41:44,786 - PIL.Image - DEBUG - Importing GifImagePlugin
2025-06-25 22:41:44,786 - PIL.Image - DEBUG - Importing GribStubImagePlugin
2025-06-25 22:41:44,787 - PIL.Image - DEBUG - Importing Hdf5StubImagePlugin
2025-06-25 22:41:44,787 - PIL.Image - DEBUG - Importing IcnsImagePlugin
2025-06-25 22:41:44,788 - PIL.Image - DEBUG - Importing IcoImagePlugin
2025-06-25 22:41:44,788 - PIL.Image - DEBUG - Importing ImImagePlugin
2025-06-25 22:41:44,789 - PIL.Image - DEBUG - Importing ImtImagePlugin
2025-06-25 22:41:44,789 - PIL.Image - DEBUG - Importing IptcImagePlugin
2025-06-25 22:41:44,789 - PIL.Image - DEBUG - Importing JpegImagePlugin
2025-06-25 22:41:44,789 - PIL.Image - DEBUG - Importing Jpeg2KImagePlugin
2025-06-25 22:41:44,789 - PIL.Image - DEBUG - Importing McIdasImagePlugin
2025-06-25 22:41:44,789 - PIL.Image - DEBUG - Importing MicImagePlugin
2025-06-25 22:41:44,789 - PIL.Image - DEBUG - Image: failed to import MicImagePlugin: No module named 'olefile'
2025-06-25 22:41:44,789 - PIL.Image - DEBUG - Importing MpegImagePlugin
2025-06-25 22:41:44,790 - PIL.Image - DEBUG - Importing MpoImagePlugin
2025-06-25 22:41:44,793 - PIL.Image - DEBUG - Importing MspImagePlugin
2025-06-25 22:41:44,793 - PIL.Image - DEBUG - Importing PalmImagePlugin
2025-06-25 22:41:44,794 - PIL.Image - DEBUG - Importing PcdImagePlugin
2025-06-25 22:41:44,794 - PIL.Image - DEBUG - Importing PcxImagePlugin
2025-06-25 22:41:44,794 - PIL.Image - DEBUG - Importing PdfImagePlugin
2025-06-25 22:41:44,798 - PIL.Image - DEBUG - Importing PixarImagePlugin
2025-06-25 22:41:44,798 - PIL.Image - DEBUG - Importing PngImagePlugin
2025-06-25 22:41:44,798 - PIL.Image - DEBUG - Importing PpmImagePlugin
2025-06-25 22:41:44,798 - PIL.Image - DEBUG - Importing PsdImagePlugin
2025-06-25 22:41:44,799 - PIL.Image - DEBUG - Importing QoiImagePlugin
2025-06-25 22:41:44,799 - PIL.Image - DEBUG - Importing SgiImagePlugin
2025-06-25 22:41:44,799 - PIL.Image - DEBUG - Importing SpiderImagePlugin
2025-06-25 22:41:44,799 - PIL.Image - DEBUG - Importing SunImagePlugin
2025-06-25 22:41:44,799 - PIL.Image - DEBUG - Importing TgaImagePlugin
2025-06-25 22:41:44,800 - PIL.Image - DEBUG - Importing TiffImagePlugin
2025-06-25 22:41:44,800 - PIL.Image - DEBUG - Importing WebPImagePlugin
2025-06-25 22:41:44,800 - PIL.Image - DEBUG - Importing WmfImagePlugin
2025-06-25 22:41:44,800 - PIL.Image - DEBUG - Importing XbmImagePlugin
2025-06-25 22:41:44,801 - PIL.Image - DEBUG - Importing XpmImagePlugin
2025-06-25 22:41:44,801 - PIL.Image - DEBUG - Importing XVThumbImagePlugin
2025-06-25 22:41:44,802 - PIL.PngImagePlugin - DEBUG - STREAM b'IHDR' 16 13
2025-06-25 22:41:44,802 - PIL.PngImagePlugin - DEBUG - STREAM b'iCCP' 41 353
2025-06-25 22:41:44,802 - PIL.PngImagePlugin - DEBUG - iCCP profile name b'kCGColorSpaceDisplayP3'
2025-06-25 22:41:44,802 - PIL.PngImagePlugin - DEBUG - Compression method 0
2025-06-25 22:41:44,802 - PIL.PngImagePlugin - DEBUG - STREAM b'eXIf' 406 130
2025-06-25 22:41:44,802 - PIL.PngImagePlugin - DEBUG - STREAM b'iTXt' 548 495
2025-06-25 22:41:44,802 - PIL.PngImagePlugin - DEBUG - STREAM b'IDAT' 1055 16384
2025-06-25 22:41:44,802 - PIL.PngImagePlugin - DEBUG - STREAM b'IHDR' 16 13
2025-06-25 22:41:44,802 - PIL.PngImagePlugin - DEBUG - STREAM b'sRGB' 41 1
2025-06-25 22:41:44,802 - PIL.PngImagePlugin - DEBUG - STREAM b'gAMA' 54 4
2025-06-25 22:41:44,802 - PIL.PngImagePlugin - DEBUG - STREAM b'pHYs' 70 9
2025-06-25 22:41:44,802 - PIL.PngImagePlugin - DEBUG - STREAM b'IDAT' 91 65445
2025-06-25 22:41:44,802 - PIL.TiffImagePlugin - DEBUG - tag: Orientation (274) - type: short (3) - value: b'\x00\x01'
2025-06-25 22:41:44,802 - PIL.TiffImagePlugin - DEBUG - tag: XResolution (282) - type: rational (5) Tag Location: 34 - Data Location: 74 - value: b'\x00\x00\x00H\x00\x00\x00\x01'
2025-06-25 22:41:44,802 - PIL.TiffImagePlugin - DEBUG - tag: YResolution (283) - type: rational (5) Tag Location: 46 - Data Location: 82 - value: b'\x00\x00\x00H\x00\x00\x00\x01'
2025-06-25 22:41:44,803 - PIL.TiffImagePlugin - DEBUG - tag: ResolutionUnit (296) - type: short (3) - value: b'\x00\x02'
2025-06-25 22:41:44,803 - PIL.TiffImagePlugin - DEBUG - tag: ExifIFD (34665) - type: long (4) - value: b'\x00\x00\x00Z'
2025-06-25 22:41:44,803 - PIL.PngImagePlugin - DEBUG - STREAM b'IHDR' 16 13
2025-06-25 22:41:44,803 - PIL.PngImagePlugin - DEBUG - STREAM b'bKGD' 41 6
2025-06-25 22:41:44,803 - PIL.PngImagePlugin - DEBUG - b'bKGD' 41 6 (unknown)
2025-06-25 22:41:44,803 - PIL.PngImagePlugin - DEBUG - STREAM b'pHYs' 59 9
2025-06-25 22:41:44,803 - PIL.PngImagePlugin - DEBUG - STREAM b'IDAT' 80 8192
2025-06-25 22:41:44,803 - PIL.PngImagePlugin - DEBUG - STREAM b'IHDR' 16 13
2025-06-25 22:41:44,803 - PIL.PngImagePlugin - DEBUG - STREAM b'sRGB' 41 1
2025-06-25 22:41:44,803 - PIL.PngImagePlugin - DEBUG - STREAM b'gAMA' 54 4
2025-06-25 22:41:44,803 - PIL.PngImagePlugin - DEBUG - STREAM b'pHYs' 70 9
2025-06-25 22:41:44,803 - PIL.PngImagePlugin - DEBUG - STREAM b'IDAT' 91 65445
2025-06-25 22:41:44,803 - PIL.PngImagePlugin - DEBUG - STREAM b'IHDR' 16 13
2025-06-25 22:41:44,803 - PIL.PngImagePlugin - DEBUG - STREAM b'IDAT' 41 8192
2025-06-25 22:41:44,803 - PIL.PngImagePlugin - DEBUG - STREAM b'IHDR' 16 13
2025-06-25 22:41:44,803 - PIL.PngImagePlugin - DEBUG - STREAM b'sRGB' 41 1
2025-06-25 22:41:44,803 - PIL.PngImagePlugin - DEBUG - STREAM b'gAMA' 54 4
2025-06-25 22:41:44,803 - PIL.PngImagePlugin - DEBUG - STREAM b'pHYs' 70 9
2025-06-25 22:41:44,803 - PIL.PngImagePlugin - DEBUG - STREAM b'IDAT' 91 65445
2025-06-25 22:41:44,803 - PIL.PngImagePlugin - DEBUG - STREAM b'IHDR' 16 13
2025-06-25 22:41:44,803 - PIL.PngImagePlugin - DEBUG - STREAM b'sRGB' 41 1
2025-06-25 22:41:44,804 - PIL.PngImagePlugin - DEBUG - STREAM b'gAMA' 54 4
2025-06-25 22:41:44,804 - PIL.PngImagePlugin - DEBUG - STREAM b'pHYs' 70 9
2025-06-25 22:41:44,804 - PIL.PngImagePlugin - DEBUG - STREAM b'IDAT' 91 65445
2025-06-25 22:41:44,804 - PIL.PngImagePlugin - DEBUG - STREAM b'IHDR' 16 13
2025-06-25 22:41:44,804 - PIL.PngImagePlugin - DEBUG - STREAM b'sRGB' 41 1
2025-06-25 22:41:44,804 - PIL.PngImagePlugin - DEBUG - STREAM b'gAMA' 54 4
2025-06-25 22:41:44,804 - PIL.PngImagePlugin - DEBUG - STREAM b'pHYs' 70 9
2025-06-25 22:41:44,804 - PIL.PngImagePlugin - DEBUG - STREAM b'IDAT' 91 65445
2025-06-25 22:41:44,804 - PIL.PngImagePlugin - DEBUG - STREAM b'IHDR' 16 13
2025-06-25 22:41:44,804 - PIL.PngImagePlugin - DEBUG - STREAM b'iCCP' 41 353
2025-06-25 22:41:44,804 - PIL.PngImagePlugin - DEBUG - iCCP profile name b'kCGColorSpaceDisplayP3'
2025-06-25 22:41:44,804 - PIL.PngImagePlugin - DEBUG - Compression method 0
2025-06-25 22:41:44,804 - PIL.PngImagePlugin - DEBUG - STREAM b'eXIf' 406 130
2025-06-25 22:41:44,804 - PIL.PngImagePlugin - DEBUG - STREAM b'iTXt' 548 495
2025-06-25 22:41:44,804 - PIL.PngImagePlugin - DEBUG - STREAM b'IDAT' 1055 16384
2025-06-25 22:41:44,804 - PIL.TiffImagePlugin - DEBUG - tag: Orientation (274) - type: short (3) - value: b'\x00\x01'
2025-06-25 22:41:44,804 - PIL.TiffImagePlugin - DEBUG - tag: XResolution (282) - type: rational (5) Tag Location: 34 - Data Location: 74 - value: b'\x00\x00\x00H\x00\x00\x00\x01'
2025-06-25 22:41:44,804 - PIL.TiffImagePlugin - DEBUG - tag: YResolution (283) - type: rational (5) Tag Location: 46 - Data Location: 82 - value: b'\x00\x00\x00H\x00\x00\x00\x01'
2025-06-25 22:41:44,804 - PIL.TiffImagePlugin - DEBUG - tag: ResolutionUnit (296) - type: short (3) - value: b'\x00\x02'
2025-06-25 22:41:44,804 - PIL.TiffImagePlugin - DEBUG - tag: ExifIFD (34665) - type: long (4) - value: b'\x00\x00\x00Z'
2025-06-25 22:41:44,805 - PIL.PngImagePlugin - DEBUG - STREAM b'IHDR' 16 13
2025-06-25 22:41:44,805 - PIL.PngImagePlugin - DEBUG - STREAM b'iCCP' 41 353
2025-06-25 22:41:44,805 - PIL.PngImagePlugin - DEBUG - iCCP profile name b'kCGColorSpaceDisplayP3'
2025-06-25 22:41:44,805 - PIL.PngImagePlugin - DEBUG - Compression method 0
2025-06-25 22:41:44,805 - PIL.PngImagePlugin - DEBUG - STREAM b'eXIf' 406 130
2025-06-25 22:41:44,805 - PIL.PngImagePlugin - DEBUG - STREAM b'iTXt' 548 495
2025-06-25 22:41:44,805 - PIL.PngImagePlugin - DEBUG - STREAM b'IDAT' 1055 16384
2025-06-25 22:41:44,805 - PIL.PngImagePlugin - DEBUG - STREAM b'IHDR' 16 13
2025-06-25 22:41:44,805 - PIL.PngImagePlugin - DEBUG - STREAM b'sRGB' 41 1
2025-06-25 22:41:44,805 - PIL.PngImagePlugin - DEBUG - STREAM b'gAMA' 54 4
2025-06-25 22:41:44,805 - PIL.PngImagePlugin - DEBUG - STREAM b'pHYs' 70 9
2025-06-25 22:41:44,805 - PIL.PngImagePlugin - DEBUG - STREAM b'IDAT' 91 65445
2025-06-25 22:41:44,805 - PIL.PngImagePlugin - DEBUG - STREAM b'IHDR' 16 13
2025-06-25 22:41:44,805 - PIL.PngImagePlugin - DEBUG - STREAM b'iCCP' 41 353
2025-06-25 22:41:44,805 - PIL.PngImagePlugin - DEBUG - iCCP profile name b'kCGColorSpaceDisplayP3'
2025-06-25 22:41:44,805 - PIL.PngImagePlugin - DEBUG - Compression method 0
2025-06-25 22:41:44,805 - PIL.PngImagePlugin - DEBUG - STREAM b'eXIf' 406 130
2025-06-25 22:41:44,805 - PIL.PngImagePlugin - DEBUG - STREAM b'iTXt' 548 495
2025-06-25 22:41:44,805 - PIL.PngImagePlugin - DEBUG - STREAM b'IDAT' 1055 16384
2025-06-25 22:41:44,805 - PIL.PngImagePlugin - DEBUG - STREAM b'IHDR' 16 13
2025-06-25 22:41:44,805 - PIL.PngImagePlugin - DEBUG - STREAM b'PLTE' 41 768
2025-06-25 22:41:44,805 - PIL.PngImagePlugin - DEBUG - STREAM b'bKGD' 821 1
2025-06-25 22:41:44,805 - PIL.PngImagePlugin - DEBUG - b'bKGD' 821 1 (unknown)
2025-06-25 22:41:44,805 - PIL.PngImagePlugin - DEBUG - STREAM b'pHYs' 834 9
2025-06-25 22:41:44,805 - PIL.PngImagePlugin - DEBUG - STREAM b'IDAT' 855 8192
2025-06-25 22:41:45,398 - orlando_toolkit.core.converter.docx_to_dita - INFO - DOCX→DITA conversion finished (core.converter).
2025-06-25 22:41:47,123 - orlando_toolkit.ui.metadata_tab - INFO - Context updated: manual_code = 
2025-06-25 22:41:48,677 - orlando_toolkit.ui.metadata_tab - INFO - Context updated: manual_title = Manuel d'administration EFB MAY25
2025-06-25 22:41:53,829 - orlando_toolkit.ui.metadata_tab - INFO - Context updated: manual_code = BEO001
2025-06-25 22:42:05,941 - orlando_toolkit.core.converter - INFO - Updating topic filenames and references (core.converter)…
2025-06-25 22:42:05,946 - orlando_toolkit.core.converter - INFO - Updating image names and references (core.converter)…
2025-06-25 22:42:05,946 - orlando_toolkit.core.services.conversion_service - INFO - Writing DITA package → /home/orso/Downloads/TEST_OT1.zip
2025-06-25 22:42:05,982 - orlando_toolkit.core.converter - INFO - DITA package saved to /tmp/orlando_packager_wq4wn67p
2025-06-25 22:44:05,797 - root - INFO - ===== Application terminated =====
2025-06-25 22:46:48,166 - root - INFO - ===== Logging initialised =====
2025-06-25 22:47:57,535 - orlando_toolkit.core.services.conversion_service - INFO - Converting DOCX → DITA: /home/orso/Downloads/FOR002A - Feuille de Renseignement NewPN.docx
2025-06-25 22:47:57,536 - orlando_toolkit.core.converter.docx_to_dita - INFO - Starting DOCX→DITA conversion (core.converter)…: /home/orso/Downloads/FOR002A - Feuille de Renseignement NewPN.docx
2025-06-25 22:47:57,565 - PIL.PngImagePlugin - DEBUG - STREAM b'IHDR' 16 13
2025-06-25 22:47:57,566 - PIL.PngImagePlugin - DEBUG - STREAM b'iCCP' 41 3150
2025-06-25 22:47:57,566 - PIL.PngImagePlugin - DEBUG - iCCP profile name b'ICC Profile'
2025-06-25 22:47:57,566 - PIL.PngImagePlugin - DEBUG - Compression method 0
2025-06-25 22:47:57,566 - PIL.PngImagePlugin - DEBUG - STREAM b'eXIf' 3203 56
2025-06-25 22:47:57,566 - PIL.PngImagePlugin - DEBUG - STREAM b'IDAT' 3271 10251
2025-06-25 22:47:57,566 - PIL.PngImagePlugin - DEBUG - STREAM b'IHDR' 16 13
2025-06-25 22:47:57,566 - PIL.PngImagePlugin - DEBUG - STREAM b'sRGB' 41 1
2025-06-25 22:47:57,566 - PIL.PngImagePlugin - DEBUG - STREAM b'gAMA' 54 4
2025-06-25 22:47:57,566 - PIL.PngImagePlugin - DEBUG - STREAM b'pHYs' 70 9
2025-06-25 22:47:57,566 - PIL.PngImagePlugin - DEBUG - STREAM b'IDAT' 91 6184
2025-06-25 22:47:57,586 - orlando_toolkit.core.converter.docx_to_dita - INFO - DOCX→DITA conversion finished (core.converter).
2025-06-25 22:48:02,902 - orlando_toolkit.ui.metadata_tab - INFO - Context updated: manual_title = Feuille de Renseignement NewPN
2025-06-25 22:48:12,497 - orlando_toolkit.ui.metadata_tab - INFO - Context updated: manual_code = FOR002A_test
2025-06-25 22:48:21,928 - orlando_toolkit.core.converter - INFO - Updating topic filenames and references (core.converter)…
2025-06-25 22:48:21,928 - orlando_toolkit.core.converter - INFO - Updating image names and references (core.converter)…
2025-06-25 22:48:21,929 - orlando_toolkit.core.services.conversion_service - INFO - Writing DITA package → /home/orso/Downloads/FOR002A_test.zip
2025-06-25 22:48:21,946 - orlando_toolkit.core.converter - INFO - DITA package saved to /tmp/orlando_packager_vhjy2pz7
2025-06-25 22:50:00,335 - PIL.PngImagePlugin - DEBUG - STREAM b'IHDR' 16 13
2025-06-25 22:50:00,335 - PIL.PngImagePlugin - DEBUG - STREAM b'iCCP' 41 3150
2025-06-25 22:50:00,335 - PIL.PngImagePlugin - DEBUG - iCCP profile name b'ICC Profile'
2025-06-25 22:50:00,335 - PIL.PngImagePlugin - DEBUG - Compression method 0
2025-06-25 22:50:00,335 - PIL.PngImagePlugin - DEBUG - STREAM b'eXIf' 3203 56
2025-06-25 22:50:00,335 - PIL.PngImagePlugin - DEBUG - STREAM b'IDAT' 3271 10251
2025-06-25 22:50:01,202 - PIL.PngImagePlugin - DEBUG - STREAM b'IHDR' 16 13
2025-06-25 22:50:01,202 - PIL.PngImagePlugin - DEBUG - STREAM b'sRGB' 41 1
2025-06-25 22:50:01,202 - PIL.PngImagePlugin - DEBUG - STREAM b'gAMA' 54 4
2025-06-25 22:50:01,202 - PIL.PngImagePlugin - DEBUG - STREAM b'pHYs' 70 9
2025-06-25 22:50:01,202 - PIL.PngImagePlugin - DEBUG - STREAM b'IDAT' 91 6184
2025-06-25 22:55:15,677 - root - INFO - ===== Logging initialised =====
2025-06-25 22:57:28,756 - root - INFO - ===== Application terminated =====
2025-06-25 22:57:31,508 - root - INFO - ===== Logging initialised =====
2025-06-25 22:57:52,935 - orlando_toolkit.core.services.conversion_service - INFO - Converting DOCX → DITA: /home/orso/Downloads/Easy Access Rules for Air Operations - February 2025 - xml.docx
2025-06-25 22:57:52,935 - orlando_toolkit.core.converter.docx_to_dita - INFO - Starting DOCX→DITA conversion (core.converter)…: /home/orso/Downloads/Easy Access Rules for Air Operations - February 2025 - xml.docx
2025-06-25 22:57:53,642 - PIL.PngImagePlugin - DEBUG - STREAM b'IHDR' 16 13
2025-06-25 22:57:53,643 - PIL.PngImagePlugin - DEBUG - STREAM b'tEXt' 41 25
2025-06-25 22:57:53,643 - PIL.PngImagePlugin - DEBUG - STREAM b'iTXt' 78 801
2025-06-25 22:57:53,643 - PIL.PngImagePlugin - DEBUG - STREAM b'IDAT' 891 88648
2025-06-25 22:57:53,643 - PIL.PngImagePlugin - DEBUG - STREAM b'IHDR' 16 13
2025-06-25 22:57:53,643 - PIL.PngImagePlugin - DEBUG - STREAM b'tEXt' 41 25
2025-06-25 22:57:53,643 - PIL.PngImagePlugin - DEBUG - STREAM b'iTXt' 78 801
2025-06-25 22:57:53,643 - PIL.PngImagePlugin - DEBUG - STREAM b'IDAT' 891 92688
2025-06-25 22:57:53,643 - PIL.PngImagePlugin - DEBUG - STREAM b'IHDR' 16 13
2025-06-25 22:57:53,643 - PIL.PngImagePlugin - DEBUG - STREAM b'sRGB' 41 1
2025-06-25 22:57:53,643 - PIL.PngImagePlugin - DEBUG - STREAM b'gAMA' 54 4
2025-06-25 22:57:53,643 - PIL.PngImagePlugin - DEBUG - STREAM b'PLTE' 70 768
2025-06-25 22:57:53,643 - PIL.PngImagePlugin - DEBUG - STREAM b'tRNS' 850 256
2025-06-25 22:57:53,643 - PIL.PngImagePlugin - DEBUG - STREAM b'pHYs' 1118 9
2025-06-25 22:57:53,643 - PIL.PngImagePlugin - DEBUG - STREAM b'IDAT' 1139 64397
2025-06-25 22:57:53,643 - PIL.PngImagePlugin - DEBUG - STREAM b'IHDR' 16 13
2025-06-25 22:57:53,643 - PIL.PngImagePlugin - DEBUG - STREAM b'sRGB' 41 1
2025-06-25 22:57:53,643 - PIL.PngImagePlugin - DEBUG - STREAM b'gAMA' 54 4
2025-06-25 22:57:53,643 - PIL.PngImagePlugin - DEBUG - STREAM b'cHRM' 70 32
2025-06-25 22:57:53,643 - PIL.PngImagePlugin - DEBUG - STREAM b'IDAT' 114 65422
2025-06-25 22:57:53,643 - PIL.PngImagePlugin - DEBUG - STREAM b'IHDR' 16 13
2025-06-25 22:57:53,643 - PIL.PngImagePlugin - DEBUG - STREAM b'sRGB' 41 1
2025-06-25 22:57:53,643 - PIL.PngImagePlugin - DEBUG - STREAM b'gAMA' 54 4
2025-06-25 22:57:53,643 - PIL.PngImagePlugin - DEBUG - STREAM b'PLTE' 70 768
2025-06-25 22:57:53,643 - PIL.PngImagePlugin - DEBUG - STREAM b'tRNS' 850 256
2025-06-25 22:57:53,644 - PIL.PngImagePlugin - DEBUG - STREAM b'pHYs' 1118 9
2025-06-25 22:57:53,644 - PIL.PngImagePlugin - DEBUG - STREAM b'IDAT' 1139 60067
2025-06-25 22:57:53,644 - PIL.PngImagePlugin - DEBUG - STREAM b'IHDR' 16 13
2025-06-25 22:57:53,644 - PIL.PngImagePlugin - DEBUG - STREAM b'sRGB' 41 1
2025-06-25 22:57:53,644 - PIL.PngImagePlugin - DEBUG - STREAM b'gAMA' 54 4
2025-06-25 22:57:53,644 - PIL.PngImagePlugin - DEBUG - STREAM b'PLTE' 70 768
2025-06-25 22:57:53,644 - PIL.PngImagePlugin - DEBUG - STREAM b'tRNS' 850 256
2025-06-25 22:57:53,644 - PIL.PngImagePlugin - DEBUG - STREAM b'pHYs' 1118 9
2025-06-25 22:57:53,644 - PIL.PngImagePlugin - DEBUG - STREAM b'IDAT' 1139 28479
2025-06-25 22:57:53,644 - PIL.PngImagePlugin - DEBUG - STREAM b'IHDR' 16 13
2025-06-25 22:57:53,644 - PIL.PngImagePlugin - DEBUG - STREAM b'sRGB' 41 1
2025-06-25 22:57:53,644 - PIL.PngImagePlugin - DEBUG - STREAM b'gAMA' 54 4
2025-06-25 22:57:53,644 - PIL.PngImagePlugin - DEBUG - STREAM b'PLTE' 70 768
2025-06-25 22:57:53,644 - PIL.PngImagePlugin - DEBUG - STREAM b'tRNS' 850 256
2025-06-25 22:57:53,644 - PIL.PngImagePlugin - DEBUG - STREAM b'pHYs' 1118 9
2025-06-25 22:57:53,644 - PIL.PngImagePlugin - DEBUG - STREAM b'IDAT' 1139 57189
2025-06-25 22:57:53,644 - PIL.PngImagePlugin - DEBUG - STREAM b'IHDR' 16 13
2025-06-25 22:57:53,644 - PIL.PngImagePlugin - DEBUG - STREAM b'sRGB' 41 1
2025-06-25 22:57:53,644 - PIL.PngImagePlugin - DEBUG - STREAM b'gAMA' 54 4
2025-06-25 22:57:53,644 - PIL.PngImagePlugin - DEBUG - STREAM b'pHYs' 70 9
2025-06-25 22:57:53,644 - PIL.PngImagePlugin - DEBUG - STREAM b'IDAT' 91 23078
2025-06-25 22:57:53,644 - PIL.PngImagePlugin - DEBUG - STREAM b'IHDR' 16 13
2025-06-25 22:57:53,644 - PIL.PngImagePlugin - DEBUG - STREAM b'sRGB' 41 1
2025-06-25 22:57:53,644 - PIL.PngImagePlugin - DEBUG - STREAM b'gAMA' 54 4
2025-06-25 22:57:53,644 - PIL.PngImagePlugin - DEBUG - STREAM b'PLTE' 70 678
2025-06-25 22:57:53,644 - PIL.PngImagePlugin - DEBUG - STREAM b'tRNS' 760 226
2025-06-25 22:57:53,644 - PIL.PngImagePlugin - DEBUG - STREAM b'pHYs' 998 9
2025-06-25 22:57:53,644 - PIL.PngImagePlugin - DEBUG - STREAM b'IDAT' 1019 17350
2025-06-25 22:57:53,644 - PIL.PngImagePlugin - DEBUG - STREAM b'IHDR' 16 13
2025-06-25 22:57:53,644 - PIL.PngImagePlugin - DEBUG - STREAM b'sRGB' 41 1
2025-06-25 22:57:53,645 - PIL.PngImagePlugin - DEBUG - STREAM b'gAMA' 54 4
2025-06-25 22:57:53,645 - PIL.PngImagePlugin - DEBUG - STREAM b'PLTE' 70 768
2025-06-25 22:57:53,645 - PIL.PngImagePlugin - DEBUG - STREAM b'tRNS' 850 256
2025-06-25 22:57:53,645 - PIL.PngImagePlugin - DEBUG - STREAM b'pHYs' 1118 9
2025-06-25 22:57:53,645 - PIL.PngImagePlugin - DEBUG - STREAM b'IDAT' 1139 14308
2025-06-25 22:57:53,645 - PIL.PngImagePlugin - DEBUG - STREAM b'IHDR' 16 13
2025-06-25 22:57:53,645 - PIL.PngImagePlugin - DEBUG - STREAM b'sRGB' 41 1
2025-06-25 22:57:53,645 - PIL.PngImagePlugin - DEBUG - STREAM b'gAMA' 54 4
2025-06-25 22:57:53,645 - PIL.PngImagePlugin - DEBUG - STREAM b'pHYs' 70 9
2025-06-25 22:57:53,645 - PIL.PngImagePlugin - DEBUG - STREAM b'IDAT' 91 43705
2025-06-25 22:57:53,645 - PIL.PngImagePlugin - DEBUG - STREAM b'IHDR' 16 13
2025-06-25 22:57:53,645 - PIL.PngImagePlugin - DEBUG - STREAM b'sRGB' 41 1
2025-06-25 22:57:53,645 - PIL.PngImagePlugin - DEBUG - STREAM b'IDAT' 54 36092
2025-06-25 22:57:53,645 - PIL.Image - DEBUG - Importing AvifImagePlugin
2025-06-25 22:57:53,645 - PIL.Image - DEBUG - Importing BlpImagePlugin
2025-06-25 22:57:53,646 - PIL.Image - DEBUG - Importing BmpImagePlugin
2025-06-25 22:57:53,646 - PIL.Image - DEBUG - Importing BufrStubImagePlugin
2025-06-25 22:57:53,646 - PIL.Image - DEBUG - Importing CurImagePlugin
2025-06-25 22:57:53,646 - PIL.Image - DEBUG - Importing DcxImagePlugin
2025-06-25 22:57:53,647 - PIL.Image - DEBUG - Importing DdsImagePlugin
2025-06-25 22:57:53,649 - PIL.Image - DEBUG - Importing EpsImagePlugin
2025-06-25 22:57:53,650 - PIL.Image - DEBUG - Importing FitsImagePlugin
2025-06-25 22:57:53,650 - PIL.Image - DEBUG - Importing FliImagePlugin
2025-06-25 22:57:53,650 - PIL.Image - DEBUG - Importing FpxImagePlugin
2025-06-25 22:57:53,651 - PIL.Image - DEBUG - Image: failed to import FpxImagePlugin: No module named 'olefile'
2025-06-25 22:57:53,651 - PIL.Image - DEBUG - Importing FtexImagePlugin
2025-06-25 22:57:53,651 - PIL.Image - DEBUG - Importing GbrImagePlugin
2025-06-25 22:57:53,651 - PIL.Image - DEBUG - Importing GifImagePlugin
2025-06-25 22:57:53,651 - PIL.Image - DEBUG - Importing GribStubImagePlugin
2025-06-25 22:57:53,651 - PIL.Image - DEBUG - Importing Hdf5StubImagePlugin
2025-06-25 22:57:53,651 - PIL.Image - DEBUG - Importing IcnsImagePlugin
2025-06-25 22:57:53,652 - PIL.Image - DEBUG - Importing IcoImagePlugin
2025-06-25 22:57:53,653 - PIL.Image - DEBUG - Importing ImImagePlugin
2025-06-25 22:57:53,653 - PIL.Image - DEBUG - Importing ImtImagePlugin
2025-06-25 22:57:53,653 - PIL.Image - DEBUG - Importing IptcImagePlugin
2025-06-25 22:57:53,654 - PIL.Image - DEBUG - Importing JpegImagePlugin
2025-06-25 22:57:53,654 - PIL.Image - DEBUG - Importing Jpeg2KImagePlugin
2025-06-25 22:57:53,654 - PIL.Image - DEBUG - Importing McIdasImagePlugin
2025-06-25 22:57:53,654 - PIL.Image - DEBUG - Importing MicImagePlugin
2025-06-25 22:57:53,654 - PIL.Image - DEBUG - Image: failed to import MicImagePlugin: No module named 'olefile'
2025-06-25 22:57:53,654 - PIL.Image - DEBUG - Importing MpegImagePlugin
2025-06-25 22:57:53,654 - PIL.Image - DEBUG - Importing MpoImagePlugin
2025-06-25 22:57:53,658 - PIL.Image - DEBUG - Importing MspImagePlugin
2025-06-25 22:57:53,658 - PIL.Image - DEBUG - Importing PalmImagePlugin
2025-06-25 22:57:53,659 - PIL.Image - DEBUG - Importing PcdImagePlugin
2025-06-25 22:57:53,659 - PIL.Image - DEBUG - Importing PcxImagePlugin
2025-06-25 22:57:53,659 - PIL.Image - DEBUG - Importing PdfImagePlugin
2025-06-25 22:57:53,663 - PIL.Image - DEBUG - Importing PixarImagePlugin
2025-06-25 22:57:53,663 - PIL.Image - DEBUG - Importing PngImagePlugin
2025-06-25 22:57:53,663 - PIL.Image - DEBUG - Importing PpmImagePlugin
2025-06-25 22:57:53,663 - PIL.Image - DEBUG - Importing PsdImagePlugin
2025-06-25 22:57:53,664 - PIL.Image - DEBUG - Importing QoiImagePlugin
2025-06-25 22:57:53,664 - PIL.Image - DEBUG - Importing SgiImagePlugin
2025-06-25 22:57:53,664 - PIL.Image - DEBUG - Importing SpiderImagePlugin
2025-06-25 22:57:53,664 - PIL.Image - DEBUG - Importing SunImagePlugin
2025-06-25 22:57:53,665 - PIL.Image - DEBUG - Importing TgaImagePlugin
2025-06-25 22:57:53,665 - PIL.Image - DEBUG - Importing TiffImagePlugin
2025-06-25 22:57:53,665 - PIL.Image - DEBUG - Importing WebPImagePlugin
2025-06-25 22:57:53,665 - PIL.Image - DEBUG - Importing WmfImagePlugin
2025-06-25 22:57:53,666 - PIL.Image - DEBUG - Importing XbmImagePlugin
2025-06-25 22:57:53,666 - PIL.Image - DEBUG - Importing XpmImagePlugin
2025-06-25 22:57:53,666 - PIL.Image - DEBUG - Importing XVThumbImagePlugin
2025-06-25 22:57:53,667 - PIL.PngImagePlugin - DEBUG - STREAM b'IHDR' 16 13
2025-06-25 22:57:53,667 - PIL.PngImagePlugin - DEBUG - STREAM b'sRGB' 41 1
2025-06-25 22:57:53,667 - PIL.PngImagePlugin - DEBUG - STREAM b'gAMA' 54 4
2025-06-25 22:57:53,667 - PIL.PngImagePlugin - DEBUG - STREAM b'PLTE' 70 240
2025-06-25 22:57:53,667 - PIL.PngImagePlugin - DEBUG - STREAM b'tRNS' 322 80
2025-06-25 22:57:53,667 - PIL.PngImagePlugin - DEBUG - STREAM b'pHYs' 414 9
2025-06-25 22:57:53,667 - PIL.PngImagePlugin - DEBUG - STREAM b'IDAT' 435 60181
2025-06-25 22:57:53,667 - PIL.PngImagePlugin - DEBUG - STREAM b'IHDR' 16 13
2025-06-25 22:57:53,667 - PIL.PngImagePlugin - DEBUG - STREAM b'sRGB' 41 1
2025-06-25 22:57:53,667 - PIL.PngImagePlugin - DEBUG - STREAM b'gAMA' 54 4
2025-06-25 22:57:53,667 - PIL.PngImagePlugin - DEBUG - STREAM b'PLTE' 70 768
2025-06-25 22:57:53,667 - PIL.PngImagePlugin - DEBUG - STREAM b'tRNS' 850 256
2025-06-25 22:57:53,667 - PIL.PngImagePlugin - DEBUG - STREAM b'pHYs' 1118 9
2025-06-25 22:57:53,667 - PIL.PngImagePlugin - DEBUG - STREAM b'IDAT' 1139 32111
2025-06-25 22:57:53,667 - PIL.PngImagePlugin - DEBUG - STREAM b'IHDR' 16 13
2025-06-25 22:57:53,667 - PIL.PngImagePlugin - DEBUG - STREAM b'sRGB' 41 1
2025-06-25 22:57:53,667 - PIL.PngImagePlugin - DEBUG - STREAM b'gAMA' 54 4
2025-06-25 22:57:53,668 - PIL.PngImagePlugin - DEBUG - STREAM b'PLTE' 70 768
2025-06-25 22:57:53,668 - PIL.PngImagePlugin - DEBUG - STREAM b'tRNS' 850 256
2025-06-25 22:57:53,668 - PIL.PngImagePlugin - DEBUG - STREAM b'pHYs' 1118 9
2025-06-25 22:57:53,668 - PIL.PngImagePlugin - DEBUG - STREAM b'IDAT' 1139 58353
2025-06-25 22:57:53,668 - PIL.PngImagePlugin - DEBUG - STREAM b'IHDR' 16 13
2025-06-25 22:57:53,668 - PIL.PngImagePlugin - DEBUG - STREAM b'sRGB' 41 1
2025-06-25 22:57:53,668 - PIL.PngImagePlugin - DEBUG - STREAM b'gAMA' 54 4
2025-06-25 22:57:53,668 - PIL.PngImagePlugin - DEBUG - STREAM b'PLTE' 70 768
2025-06-25 22:57:53,668 - PIL.PngImagePlugin - DEBUG - STREAM b'tRNS' 850 256
2025-06-25 22:57:53,668 - PIL.PngImagePlugin - DEBUG - STREAM b'pHYs' 1118 9
2025-06-25 22:57:53,668 - PIL.PngImagePlugin - DEBUG - STREAM b'IDAT' 1139 34358
2025-06-25 22:57:53,668 - PIL.PngImagePlugin - DEBUG - STREAM b'IHDR' 16 13
2025-06-25 22:57:53,668 - PIL.PngImagePlugin - DEBUG - STREAM b'sRGB' 41 1
2025-06-25 22:57:53,668 - PIL.PngImagePlugin - DEBUG - STREAM b'gAMA' 54 4
2025-06-25 22:57:53,668 - PIL.PngImagePlugin - DEBUG - STREAM b'PLTE' 70 768
2025-06-25 22:57:53,668 - PIL.PngImagePlugin - DEBUG - STREAM b'tRNS' 850 256
2025-06-25 22:57:53,668 - PIL.PngImagePlugin - DEBUG - STREAM b'pHYs' 1118 9
2025-06-25 22:57:53,668 - PIL.PngImagePlugin - DEBUG - STREAM b'IDAT' 1139 38799
2025-06-25 22:57:53,668 - PIL.PngImagePlugin - DEBUG - STREAM b'IHDR' 16 13
2025-06-25 22:57:53,668 - PIL.PngImagePlugin - DEBUG - STREAM b'sRGB' 41 1
2025-06-25 22:57:53,668 - PIL.PngImagePlugin - DEBUG - STREAM b'gAMA' 54 4
2025-06-25 22:57:53,668 - PIL.PngImagePlugin - DEBUG - STREAM b'PLTE' 70 768
2025-06-25 22:57:53,668 - PIL.PngImagePlugin - DEBUG - STREAM b'tRNS' 850 256
2025-06-25 22:57:53,668 - PIL.PngImagePlugin - DEBUG - STREAM b'pHYs' 1118 9
2025-06-25 22:57:53,668 - PIL.PngImagePlugin - DEBUG - STREAM b'IDAT' 1139 36837
2025-06-25 22:57:53,668 - PIL.PngImagePlugin - DEBUG - STREAM b'IHDR' 16 13
2025-06-25 22:57:53,668 - PIL.PngImagePlugin - DEBUG - STREAM b'sRGB' 41 1
2025-06-25 22:57:53,668 - PIL.PngImagePlugin - DEBUG - STREAM b'gAMA' 54 4
2025-06-25 22:57:53,668 - PIL.PngImagePlugin - DEBUG - STREAM b'PLTE' 70 768
2025-06-25 22:57:53,668 - PIL.PngImagePlugin - DEBUG - STREAM b'tRNS' 850 256
2025-06-25 22:57:53,668 - PIL.PngImagePlugin - DEBUG - STREAM b'pHYs' 1118 9
2025-06-25 22:57:53,669 - PIL.PngImagePlugin - DEBUG - STREAM b'IDAT' 1139 37851
2025-06-25 22:57:53,669 - PIL.PngImagePlugin - DEBUG - STREAM b'IHDR' 16 13
2025-06-25 22:57:53,669 - PIL.PngImagePlugin - DEBUG - STREAM b'sRGB' 41 1
2025-06-25 22:57:53,669 - PIL.PngImagePlugin - DEBUG - STREAM b'pHYs' 54 9
2025-06-25 22:57:53,669 - PIL.PngImagePlugin - DEBUG - STREAM b'tEXt' 75 25
2025-06-25 22:57:53,669 - PIL.PngImagePlugin - DEBUG - STREAM b'IDAT' 112 9480
2025-06-25 22:57:53,669 - PIL.PngImagePlugin - DEBUG - STREAM b'IHDR' 16 13
2025-06-25 22:57:53,669 - PIL.PngImagePlugin - DEBUG - STREAM b'sRGB' 41 1
2025-06-25 22:57:53,670 - PIL.PngImagePlugin - DEBUG - STREAM b'gAMA' 54 4
2025-06-25 22:57:53,670 - PIL.PngImagePlugin - DEBUG - STREAM b'cHRM' 70 32
2025-06-25 22:57:53,670 - PIL.PngImagePlugin - DEBUG - STREAM b'IDAT' 114 7595
2025-06-25 22:57:53,670 - PIL.PngImagePlugin - DEBUG - STREAM b'IHDR' 16 13
2025-06-25 22:57:53,670 - PIL.PngImagePlugin - DEBUG - STREAM b'sRGB' 41 1
2025-06-25 22:57:53,670 - PIL.PngImagePlugin - DEBUG - STREAM b'IDAT' 54 49491
2025-06-25 22:57:53,670 - PIL.PngImagePlugin - DEBUG - STREAM b'IHDR' 16 13
2025-06-25 22:57:53,670 - PIL.PngImagePlugin - DEBUG - STREAM b'sRGB' 41 1
2025-06-25 22:57:53,670 - PIL.PngImagePlugin - DEBUG - STREAM b'gAMA' 54 4
2025-06-25 22:57:53,670 - PIL.PngImagePlugin - DEBUG - STREAM b'PLTE' 70 768
2025-06-25 22:57:53,670 - PIL.PngImagePlugin - DEBUG - STREAM b'tRNS' 850 256
2025-06-25 22:57:53,670 - PIL.PngImagePlugin - DEBUG - STREAM b'pHYs' 1118 9
2025-06-25 22:57:53,670 - PIL.PngImagePlugin - DEBUG - STREAM b'IDAT' 1139 63822
2025-06-25 22:57:53,670 - PIL.PngImagePlugin - DEBUG - STREAM b'IHDR' 16 13
2025-06-25 22:57:53,670 - PIL.PngImagePlugin - DEBUG - STREAM b'tEXt' 41 25
2025-06-25 22:57:53,670 - PIL.PngImagePlugin - DEBUG - STREAM b'iTXt' 78 801
2025-06-25 22:57:53,670 - PIL.PngImagePlugin - DEBUG - STREAM b'IDAT' 891 14418
2025-06-25 22:57:53,670 - PIL.PngImagePlugin - DEBUG - STREAM b'IHDR' 16 13
2025-06-25 22:57:53,670 - PIL.PngImagePlugin - DEBUG - STREAM b'sRGB' 41 1
2025-06-25 22:57:53,670 - PIL.PngImagePlugin - DEBUG - STREAM b'gAMA' 54 4
2025-06-25 22:57:53,670 - PIL.PngImagePlugin - DEBUG - STREAM b'PLTE' 70 768
2025-06-25 22:57:53,670 - PIL.PngImagePlugin - DEBUG - STREAM b'tRNS' 850 256
2025-06-25 22:57:53,670 - PIL.PngImagePlugin - DEBUG - STREAM b'pHYs' 1118 9
2025-06-25 22:57:53,670 - PIL.PngImagePlugin - DEBUG - STREAM b'IDAT' 1139 31556
2025-06-25 22:57:53,670 - PIL.PngImagePlugin - DEBUG - STREAM b'IHDR' 16 13
2025-06-25 22:57:53,670 - PIL.PngImagePlugin - DEBUG - STREAM b'sRGB' 41 1
2025-06-25 22:57:53,670 - PIL.PngImagePlugin - DEBUG - STREAM b'gAMA' 54 4
2025-06-25 22:57:53,671 - PIL.PngImagePlugin - DEBUG - STREAM b'PLTE' 70 768
2025-06-25 22:57:53,671 - PIL.PngImagePlugin - DEBUG - STREAM b'tRNS' 850 256
2025-06-25 22:57:53,671 - PIL.PngImagePlugin - DEBUG - STREAM b'pHYs' 1118 9
2025-06-25 22:57:53,671 - PIL.PngImagePlugin - DEBUG - STREAM b'IDAT' 1139 38022
2025-06-25 22:57:53,671 - PIL.PngImagePlugin - DEBUG - STREAM b'IHDR' 16 13
2025-06-25 22:57:53,671 - PIL.PngImagePlugin - DEBUG - STREAM b'sRGB' 41 1
2025-06-25 22:57:53,671 - PIL.PngImagePlugin - DEBUG - STREAM b'gAMA' 54 4
2025-06-25 22:57:53,671 - PIL.PngImagePlugin - DEBUG - STREAM b'PLTE' 70 768
2025-06-25 22:57:53,671 - PIL.PngImagePlugin - DEBUG - STREAM b'tRNS' 850 256
2025-06-25 22:57:53,671 - PIL.PngImagePlugin - DEBUG - STREAM b'pHYs' 1118 9
2025-06-25 22:57:53,671 - PIL.PngImagePlugin - DEBUG - STREAM b'IDAT' 1139 54790
2025-06-25 22:57:53,671 - PIL.PngImagePlugin - DEBUG - STREAM b'IHDR' 16 13
2025-06-25 22:57:53,671 - PIL.PngImagePlugin - DEBUG - STREAM b'tEXt' 41 25
2025-06-25 22:57:53,671 - PIL.PngImagePlugin - DEBUG - STREAM b'iTXt' 78 801
2025-06-25 22:57:53,671 - PIL.PngImagePlugin - DEBUG - STREAM b'IDAT' 891 145202
2025-06-25 22:57:53,671 - PIL.PngImagePlugin - DEBUG - STREAM b'IHDR' 16 13
2025-06-25 22:57:53,671 - PIL.PngImagePlugin - DEBUG - STREAM b'sRGB' 41 1
2025-06-25 22:57:53,671 - PIL.PngImagePlugin - DEBUG - STREAM b'gAMA' 54 4
2025-06-25 22:57:53,671 - PIL.PngImagePlugin - DEBUG - STREAM b'PLTE' 70 768
2025-06-25 22:57:53,671 - PIL.PngImagePlugin - DEBUG - STREAM b'tRNS' 850 256
2025-06-25 22:57:53,671 - PIL.PngImagePlugin - DEBUG - STREAM b'pHYs' 1118 9
2025-06-25 22:57:53,671 - PIL.PngImagePlugin - DEBUG - STREAM b'IDAT' 1139 64397
2025-06-25 22:57:53,671 - PIL.PngImagePlugin - DEBUG - STREAM b'IHDR' 16 13
2025-06-25 22:57:53,671 - PIL.PngImagePlugin - DEBUG - STREAM b'sRGB' 41 1
2025-06-25 22:57:53,671 - PIL.PngImagePlugin - DEBUG - STREAM b'gAMA' 54 4
2025-06-25 22:57:53,671 - PIL.PngImagePlugin - DEBUG - STREAM b'pHYs' 70 9
2025-06-25 22:57:53,671 - PIL.PngImagePlugin - DEBUG - STREAM b'IDAT' 91 65445
2025-06-25 22:57:53,671 - PIL.PngImagePlugin - DEBUG - STREAM b'IHDR' 16 13
2025-06-25 22:57:53,672 - PIL.PngImagePlugin - DEBUG - STREAM b'sRGB' 41 1
2025-06-25 22:57:53,672 - PIL.PngImagePlugin - DEBUG - STREAM b'gAMA' 54 4
2025-06-25 22:57:53,672 - PIL.PngImagePlugin - DEBUG - STREAM b'PLTE' 70 768
2025-06-25 22:57:53,672 - PIL.PngImagePlugin - DEBUG - STREAM b'tRNS' 850 256
2025-06-25 22:57:53,672 - PIL.PngImagePlugin - DEBUG - STREAM b'pHYs' 1118 9
2025-06-25 22:57:53,672 - PIL.PngImagePlugin - DEBUG - STREAM b'IDAT' 1139 64397
2025-06-25 22:57:53,672 - PIL.PngImagePlugin - DEBUG - STREAM b'IHDR' 16 13
2025-06-25 22:57:53,672 - PIL.PngImagePlugin - DEBUG - STREAM b'sRGB' 41 1
2025-06-25 22:57:53,672 - PIL.PngImagePlugin - DEBUG - STREAM b'gAMA' 54 4
2025-06-25 22:57:53,672 - PIL.PngImagePlugin - DEBUG - STREAM b'pHYs' 70 9
2025-06-25 22:57:53,672 - PIL.PngImagePlugin - DEBUG - STREAM b'IDAT' 91 65445
2025-06-25 22:57:53,672 - PIL.PngImagePlugin - DEBUG - STREAM b'IHDR' 16 13
2025-06-25 22:57:53,672 - PIL.PngImagePlugin - DEBUG - STREAM b'sRGB' 41 1
2025-06-25 22:57:53,672 - PIL.PngImagePlugin - DEBUG - STREAM b'gAMA' 54 4
2025-06-25 22:57:53,672 - PIL.PngImagePlugin - DEBUG - STREAM b'pHYs' 70 9
2025-06-25 22:57:53,672 - PIL.PngImagePlugin - DEBUG - STREAM b'IDAT' 91 65445
2025-06-25 22:57:53,672 - PIL.PngImagePlugin - DEBUG - STREAM b'IHDR' 16 13
2025-06-25 22:57:53,672 - PIL.PngImagePlugin - DEBUG - STREAM b'sRGB' 41 1
2025-06-25 22:57:53,672 - PIL.PngImagePlugin - DEBUG - STREAM b'gAMA' 54 4
2025-06-25 22:57:53,672 - PIL.PngImagePlugin - DEBUG - STREAM b'pHYs' 70 9
2025-06-25 22:57:53,672 - PIL.PngImagePlugin - DEBUG - STREAM b'IDAT' 91 28906
2025-06-25 22:57:53,672 - PIL.PngImagePlugin - DEBUG - STREAM b'IHDR' 16 13
2025-06-25 22:57:53,672 - PIL.PngImagePlugin - DEBUG - STREAM b'sRGB' 41 1
2025-06-25 22:57:53,672 - PIL.PngImagePlugin - DEBUG - STREAM b'pHYs' 54 9
2025-06-25 22:57:53,672 - PIL.PngImagePlugin - DEBUG - STREAM b'IDAT' 75 31472
2025-06-25 22:57:53,672 - PIL.PngImagePlugin - DEBUG - STREAM b'IHDR' 16 13
2025-06-25 22:57:53,672 - PIL.PngImagePlugin - DEBUG - STREAM b'sRGB' 41 1
2025-06-25 22:57:53,672 - PIL.PngImagePlugin - DEBUG - STREAM b'pHYs' 54 9
2025-06-25 22:57:53,672 - PIL.PngImagePlugin - DEBUG - STREAM b'IDAT' 75 15374
2025-06-25 22:57:53,672 - PIL.PngImagePlugin - DEBUG - STREAM b'IHDR' 16 13
2025-06-25 22:57:53,673 - PIL.PngImagePlugin - DEBUG - STREAM b'sRGB' 41 1
2025-06-25 22:57:53,673 - PIL.PngImagePlugin - DEBUG - STREAM b'pHYs' 54 9
2025-06-25 22:57:53,673 - PIL.PngImagePlugin - DEBUG - STREAM b'IDAT' 75 18017
2025-06-25 22:57:53,673 - PIL.PngImagePlugin - DEBUG - STREAM b'IHDR' 16 13
2025-06-25 22:57:53,673 - PIL.PngImagePlugin - DEBUG - STREAM b'sRGB' 41 1
2025-06-25 22:57:53,673 - PIL.PngImagePlugin - DEBUG - STREAM b'pHYs' 54 9
2025-06-25 22:57:53,673 - PIL.PngImagePlugin - DEBUG - STREAM b'IDAT' 75 65461
2025-06-25 22:57:53,673 - PIL.PngImagePlugin - DEBUG - STREAM b'IHDR' 16 13
2025-06-25 22:57:53,673 - PIL.PngImagePlugin - DEBUG - STREAM b'tEXt' 41 25
2025-06-25 22:57:53,673 - PIL.PngImagePlugin - DEBUG - STREAM b'iTXt' 78 808
2025-06-25 22:57:53,673 - PIL.PngImagePlugin - DEBUG - STREAM b'IDAT' 898 342033
2025-06-25 22:57:53,673 - PIL.PngImagePlugin - DEBUG - STREAM b'IHDR' 16 13
2025-06-25 22:57:53,673 - PIL.PngImagePlugin - DEBUG - STREAM b'tEXt' 41 25
2025-06-25 22:57:53,673 - PIL.PngImagePlugin - DEBUG - STREAM b'iTXt' 78 808
2025-06-25 22:57:53,673 - PIL.PngImagePlugin - DEBUG - STREAM b'IDAT' 898 155861
2025-06-25 22:57:53,673 - PIL.PngImagePlugin - DEBUG - STREAM b'IHDR' 16 13
2025-06-25 22:57:53,673 - PIL.PngImagePlugin - DEBUG - STREAM b'tEXt' 41 25
2025-06-25 22:57:53,673 - PIL.PngImagePlugin - DEBUG - STREAM b'iTXt' 78 801
2025-06-25 22:57:53,673 - PIL.PngImagePlugin - DEBUG - STREAM b'IDAT' 891 114422
2025-06-25 22:57:53,673 - PIL.PngImagePlugin - DEBUG - STREAM b'IHDR' 16 13
2025-06-25 22:57:53,673 - PIL.PngImagePlugin - DEBUG - STREAM b'sRGB' 41 1
2025-06-25 22:57:53,673 - PIL.PngImagePlugin - DEBUG - STREAM b'gAMA' 54 4
2025-06-25 22:57:53,673 - PIL.PngImagePlugin - DEBUG - STREAM b'pHYs' 70 9
2025-06-25 22:57:53,673 - PIL.PngImagePlugin - DEBUG - STREAM b'IDAT' 91 65445
2025-06-25 22:57:53,673 - PIL.PngImagePlugin - DEBUG - STREAM b'IHDR' 16 13
2025-06-25 22:57:53,674 - PIL.PngImagePlugin - DEBUG - STREAM b'sRGB' 41 1
2025-06-25 22:57:53,674 - PIL.PngImagePlugin - DEBUG - STREAM b'gAMA' 54 4
2025-06-25 22:57:53,674 - PIL.PngImagePlugin - DEBUG - STREAM b'pHYs' 70 9
2025-06-25 22:57:53,674 - PIL.PngImagePlugin - DEBUG - STREAM b'IDAT' 91 65445
2025-06-25 22:57:53,674 - PIL.PngImagePlugin - DEBUG - STREAM b'IHDR' 16 13
2025-06-25 22:57:53,674 - PIL.PngImagePlugin - DEBUG - STREAM b'sRGB' 41 1
2025-06-25 22:57:53,674 - PIL.PngImagePlugin - DEBUG - STREAM b'gAMA' 54 4
2025-06-25 22:57:53,674 - PIL.PngImagePlugin - DEBUG - STREAM b'pHYs' 70 9
2025-06-25 22:57:53,674 - PIL.PngImagePlugin - DEBUG - STREAM b'IDAT' 91 12274
2025-06-25 22:59:14,591 - orlando_toolkit.core.converter.docx_to_dita - INFO - DOCX→DITA conversion finished (core.converter).
2025-06-25 22:59:32,462 - orlando_toolkit.ui.metadata_tab - INFO - Context updated: manual_code = AIROPS_TEST5
2025-06-25 22:59:35,191 - orlando_toolkit.core.converter - INFO - Updating topic filenames and references (core.converter)…
2025-06-25 22:59:35,216 - orlando_toolkit.core.converter - INFO - Updating image names and references (core.converter)…
2025-06-25 22:59:35,325 - orlando_toolkit.core.services.conversion_service - INFO - Writing DITA package → /home/orso/Downloads/AIROPS_TEST5.zip
2025-06-25 22:59:37,389 - orlando_toolkit.core.converter - INFO - DITA package saved to /tmp/orlando_packager_5o8yterz
2025-06-25 23:43:30,057 - root - INFO - ===== Application terminated =====
2025-06-25 23:43:37,213 - root - INFO - ===== Logging initialised =====
2025-06-25 23:43:50,200 - orlando_toolkit.core.services.conversion_service - INFO - Converting DOCX → DITA: /home/orso/Downloads/Easy Access Rules for Air Operations - February 2025 - xml.docx
2025-06-25 23:43:50,200 - orlando_toolkit.core.converter.docx_to_dita - INFO - Starting DOCX→DITA conversion (core.converter)…: /home/orso/Downloads/Easy Access Rules for Air Operations - February 2025 - xml.docx
2025-06-25 23:43:50,914 - PIL.PngImagePlugin - DEBUG - STREAM b'IHDR' 16 13
2025-06-25 23:43:50,915 - PIL.PngImagePlugin - DEBUG - STREAM b'tEXt' 41 25
2025-06-25 23:43:50,915 - PIL.PngImagePlugin - DEBUG - STREAM b'iTXt' 78 801
2025-06-25 23:43:50,915 - PIL.PngImagePlugin - DEBUG - STREAM b'IDAT' 891 88648
2025-06-25 23:43:50,915 - PIL.PngImagePlugin - DEBUG - STREAM b'IHDR' 16 13
2025-06-25 23:43:50,915 - PIL.PngImagePlugin - DEBUG - STREAM b'tEXt' 41 25
2025-06-25 23:43:50,915 - PIL.PngImagePlugin - DEBUG - STREAM b'iTXt' 78 801
2025-06-25 23:43:50,915 - PIL.PngImagePlugin - DEBUG - STREAM b'IDAT' 891 92688
2025-06-25 23:43:50,915 - PIL.PngImagePlugin - DEBUG - STREAM b'IHDR' 16 13
2025-06-25 23:43:50,915 - PIL.PngImagePlugin - DEBUG - STREAM b'sRGB' 41 1
2025-06-25 23:43:50,915 - PIL.PngImagePlugin - DEBUG - STREAM b'gAMA' 54 4
2025-06-25 23:43:50,915 - PIL.PngImagePlugin - DEBUG - STREAM b'PLTE' 70 768
2025-06-25 23:43:50,915 - PIL.PngImagePlugin - DEBUG - STREAM b'tRNS' 850 256
2025-06-25 23:43:50,915 - PIL.PngImagePlugin - DEBUG - STREAM b'pHYs' 1118 9
2025-06-25 23:43:50,915 - PIL.PngImagePlugin - DEBUG - STREAM b'IDAT' 1139 64397
2025-06-25 23:43:50,915 - PIL.PngImagePlugin - DEBUG - STREAM b'IHDR' 16 13
2025-06-25 23:43:50,915 - PIL.PngImagePlugin - DEBUG - STREAM b'sRGB' 41 1
2025-06-25 23:43:50,915 - PIL.PngImagePlugin - DEBUG - STREAM b'gAMA' 54 4
2025-06-25 23:43:50,915 - PIL.PngImagePlugin - DEBUG - STREAM b'cHRM' 70 32
2025-06-25 23:43:50,915 - PIL.PngImagePlugin - DEBUG - STREAM b'IDAT' 114 65422
2025-06-25 23:43:50,915 - PIL.PngImagePlugin - DEBUG - STREAM b'IHDR' 16 13
2025-06-25 23:43:50,915 - PIL.PngImagePlugin - DEBUG - STREAM b'sRGB' 41 1
2025-06-25 23:43:50,915 - PIL.PngImagePlugin - DEBUG - STREAM b'gAMA' 54 4
2025-06-25 23:43:50,915 - PIL.PngImagePlugin - DEBUG - STREAM b'PLTE' 70 768
2025-06-25 23:43:50,916 - PIL.PngImagePlugin - DEBUG - STREAM b'tRNS' 850 256
2025-06-25 23:43:50,916 - PIL.PngImagePlugin - DEBUG - STREAM b'pHYs' 1118 9
2025-06-25 23:43:50,916 - PIL.PngImagePlugin - DEBUG - STREAM b'IDAT' 1139 60067
2025-06-25 23:43:50,916 - PIL.PngImagePlugin - DEBUG - STREAM b'IHDR' 16 13
2025-06-25 23:43:50,916 - PIL.PngImagePlugin - DEBUG - STREAM b'sRGB' 41 1
2025-06-25 23:43:50,916 - PIL.PngImagePlugin - DEBUG - STREAM b'gAMA' 54 4
2025-06-25 23:43:50,916 - PIL.PngImagePlugin - DEBUG - STREAM b'PLTE' 70 768
2025-06-25 23:43:50,916 - PIL.PngImagePlugin - DEBUG - STREAM b'tRNS' 850 256
2025-06-25 23:43:50,916 - PIL.PngImagePlugin - DEBUG - STREAM b'pHYs' 1118 9
2025-06-25 23:43:50,916 - PIL.PngImagePlugin - DEBUG - STREAM b'IDAT' 1139 28479
2025-06-25 23:43:50,916 - PIL.PngImagePlugin - DEBUG - STREAM b'IHDR' 16 13
2025-06-25 23:43:50,916 - PIL.PngImagePlugin - DEBUG - STREAM b'sRGB' 41 1
2025-06-25 23:43:50,916 - PIL.PngImagePlugin - DEBUG - STREAM b'gAMA' 54 4
2025-06-25 23:43:50,916 - PIL.PngImagePlugin - DEBUG - STREAM b'PLTE' 70 768
2025-06-25 23:43:50,916 - PIL.PngImagePlugin - DEBUG - STREAM b'tRNS' 850 256
2025-06-25 23:43:50,916 - PIL.PngImagePlugin - DEBUG - STREAM b'pHYs' 1118 9
2025-06-25 23:43:50,916 - PIL.PngImagePlugin - DEBUG - STREAM b'IDAT' 1139 57189
2025-06-25 23:43:50,916 - PIL.PngImagePlugin - DEBUG - STREAM b'IHDR' 16 13
2025-06-25 23:43:50,916 - PIL.PngImagePlugin - DEBUG - STREAM b'sRGB' 41 1
2025-06-25 23:43:50,916 - PIL.PngImagePlugin - DEBUG - STREAM b'gAMA' 54 4
2025-06-25 23:43:50,916 - PIL.PngImagePlugin - DEBUG - STREAM b'pHYs' 70 9
2025-06-25 23:43:50,916 - PIL.PngImagePlugin - DEBUG - STREAM b'IDAT' 91 23078
2025-06-25 23:43:50,916 - PIL.PngImagePlugin - DEBUG - STREAM b'IHDR' 16 13
2025-06-25 23:43:50,916 - PIL.PngImagePlugin - DEBUG - STREAM b'sRGB' 41 1
2025-06-25 23:43:50,916 - PIL.PngImagePlugin - DEBUG - STREAM b'gAMA' 54 4
2025-06-25 23:43:50,916 - PIL.PngImagePlugin - DEBUG - STREAM b'PLTE' 70 678
2025-06-25 23:43:50,916 - PIL.PngImagePlugin - DEBUG - STREAM b'tRNS' 760 226
2025-06-25 23:43:50,916 - PIL.PngImagePlugin - DEBUG - STREAM b'pHYs' 998 9
2025-06-25 23:43:50,916 - PIL.PngImagePlugin - DEBUG - STREAM b'IDAT' 1019 17350
2025-06-25 23:43:50,916 - PIL.PngImagePlugin - DEBUG - STREAM b'IHDR' 16 13
2025-06-25 23:43:50,917 - PIL.PngImagePlugin - DEBUG - STREAM b'sRGB' 41 1
2025-06-25 23:43:50,917 - PIL.PngImagePlugin - DEBUG - STREAM b'gAMA' 54 4
2025-06-25 23:43:50,917 - PIL.PngImagePlugin - DEBUG - STREAM b'PLTE' 70 768
2025-06-25 23:43:50,917 - PIL.PngImagePlugin - DEBUG - STREAM b'tRNS' 850 256
2025-06-25 23:43:50,917 - PIL.PngImagePlugin - DEBUG - STREAM b'pHYs' 1118 9
2025-06-25 23:43:50,917 - PIL.PngImagePlugin - DEBUG - STREAM b'IDAT' 1139 14308
2025-06-25 23:43:50,917 - PIL.PngImagePlugin - DEBUG - STREAM b'IHDR' 16 13
2025-06-25 23:43:50,917 - PIL.PngImagePlugin - DEBUG - STREAM b'sRGB' 41 1
2025-06-25 23:43:50,917 - PIL.PngImagePlugin - DEBUG - STREAM b'gAMA' 54 4
2025-06-25 23:43:50,917 - PIL.PngImagePlugin - DEBUG - STREAM b'pHYs' 70 9
2025-06-25 23:43:50,917 - PIL.PngImagePlugin - DEBUG - STREAM b'IDAT' 91 43705
2025-06-25 23:43:50,917 - PIL.PngImagePlugin - DEBUG - STREAM b'IHDR' 16 13
2025-06-25 23:43:50,917 - PIL.PngImagePlugin - DEBUG - STREAM b'sRGB' 41 1
2025-06-25 23:43:50,917 - PIL.PngImagePlugin - DEBUG - STREAM b'IDAT' 54 36092
2025-06-25 23:43:50,917 - PIL.Image - DEBUG - Importing AvifImagePlugin
2025-06-25 23:43:50,918 - PIL.Image - DEBUG - Importing BlpImagePlugin
2025-06-25 23:43:50,918 - PIL.Image - DEBUG - Importing BmpImagePlugin
2025-06-25 23:43:50,919 - PIL.Image - DEBUG - Importing BufrStubImagePlugin
2025-06-25 23:43:50,919 - PIL.Image - DEBUG - Importing CurImagePlugin
2025-06-25 23:43:50,919 - PIL.Image - DEBUG - Importing DcxImagePlugin
2025-06-25 23:43:50,920 - PIL.Image - DEBUG - Importing DdsImagePlugin
2025-06-25 23:43:50,922 - PIL.Image - DEBUG - Importing EpsImagePlugin
2025-06-25 23:43:50,923 - PIL.Image - DEBUG - Importing FitsImagePlugin
2025-06-25 23:43:50,924 - PIL.Image - DEBUG - Importing FliImagePlugin
2025-06-25 23:43:50,924 - PIL.Image - DEBUG - Importing FpxImagePlugin
2025-06-25 23:43:50,924 - PIL.Image - DEBUG - Image: failed to import FpxImagePlugin: No module named 'olefile'
2025-06-25 23:43:50,925 - PIL.Image - DEBUG - Importing FtexImagePlugin
2025-06-25 23:43:50,925 - PIL.Image - DEBUG - Importing GbrImagePlugin
2025-06-25 23:43:50,925 - PIL.Image - DEBUG - Importing GifImagePlugin
2025-06-25 23:43:50,925 - PIL.Image - DEBUG - Importing GribStubImagePlugin
2025-06-25 23:43:50,926 - PIL.Image - DEBUG - Importing Hdf5StubImagePlugin
2025-06-25 23:43:50,926 - PIL.Image - DEBUG - Importing IcnsImagePlugin
2025-06-25 23:43:50,927 - PIL.Image - DEBUG - Importing IcoImagePlugin
2025-06-25 23:43:50,928 - PIL.Image - DEBUG - Importing ImImagePlugin
2025-06-25 23:43:50,929 - PIL.Image - DEBUG - Importing ImtImagePlugin
2025-06-25 23:43:50,929 - PIL.Image - DEBUG - Importing IptcImagePlugin
2025-06-25 23:43:50,929 - PIL.Image - DEBUG - Importing JpegImagePlugin
2025-06-25 23:43:50,930 - PIL.Image - DEBUG - Importing Jpeg2KImagePlugin
2025-06-25 23:43:50,930 - PIL.Image - DEBUG - Importing McIdasImagePlugin
2025-06-25 23:43:50,930 - PIL.Image - DEBUG - Importing MicImagePlugin
2025-06-25 23:43:50,930 - PIL.Image - DEBUG - Image: failed to import MicImagePlugin: No module named 'olefile'
2025-06-25 23:43:50,930 - PIL.Image - DEBUG - Importing MpegImagePlugin
2025-06-25 23:43:50,931 - PIL.Image - DEBUG - Importing MpoImagePlugin
2025-06-25 23:43:50,936 - PIL.Image - DEBUG - Importing MspImagePlugin
2025-06-25 23:43:50,937 - PIL.Image - DEBUG - Importing PalmImagePlugin
2025-06-25 23:43:50,937 - PIL.Image - DEBUG - Importing PcdImagePlugin
2025-06-25 23:43:50,938 - PIL.Image - DEBUG - Importing PcxImagePlugin
2025-06-25 23:43:50,938 - PIL.Image - DEBUG - Importing PdfImagePlugin
2025-06-25 23:43:50,943 - PIL.Image - DEBUG - Importing PixarImagePlugin
2025-06-25 23:43:50,943 - PIL.Image - DEBUG - Importing PngImagePlugin
2025-06-25 23:43:50,943 - PIL.Image - DEBUG - Importing PpmImagePlugin
2025-06-25 23:43:50,943 - PIL.Image - DEBUG - Importing PsdImagePlugin
2025-06-25 23:43:50,944 - PIL.Image - DEBUG - Importing QoiImagePlugin
2025-06-25 23:43:50,944 - PIL.Image - DEBUG - Importing SgiImagePlugin
2025-06-25 23:43:50,944 - PIL.Image - DEBUG - Importing SpiderImagePlugin
2025-06-25 23:43:50,945 - PIL.Image - DEBUG - Importing SunImagePlugin
2025-06-25 23:43:50,945 - PIL.Image - DEBUG - Importing TgaImagePlugin
2025-06-25 23:43:50,946 - PIL.Image - DEBUG - Importing TiffImagePlugin
2025-06-25 23:43:50,946 - PIL.Image - DEBUG - Importing WebPImagePlugin
2025-06-25 23:43:50,947 - PIL.Image - DEBUG - Importing WmfImagePlugin
2025-06-25 23:43:50,947 - PIL.Image - DEBUG - Importing XbmImagePlugin
2025-06-25 23:43:50,948 - PIL.Image - DEBUG - Importing XpmImagePlugin
2025-06-25 23:43:50,948 - PIL.Image - DEBUG - Importing XVThumbImagePlugin
2025-06-25 23:43:50,949 - PIL.PngImagePlugin - DEBUG - STREAM b'IHDR' 16 13
2025-06-25 23:43:50,949 - PIL.PngImagePlugin - DEBUG - STREAM b'sRGB' 41 1
2025-06-25 23:43:50,949 - PIL.PngImagePlugin - DEBUG - STREAM b'gAMA' 54 4
2025-06-25 23:43:50,949 - PIL.PngImagePlugin - DEBUG - STREAM b'PLTE' 70 240
2025-06-25 23:43:50,949 - PIL.PngImagePlugin - DEBUG - STREAM b'tRNS' 322 80
2025-06-25 23:43:50,949 - PIL.PngImagePlugin - DEBUG - STREAM b'pHYs' 414 9
2025-06-25 23:43:50,949 - PIL.PngImagePlugin - DEBUG - STREAM b'IDAT' 435 60181
2025-06-25 23:43:50,950 - PIL.PngImagePlugin - DEBUG - STREAM b'IHDR' 16 13
2025-06-25 23:43:50,950 - PIL.PngImagePlugin - DEBUG - STREAM b'sRGB' 41 1
2025-06-25 23:43:50,950 - PIL.PngImagePlugin - DEBUG - STREAM b'gAMA' 54 4
2025-06-25 23:43:50,950 - PIL.PngImagePlugin - DEBUG - STREAM b'PLTE' 70 768
2025-06-25 23:43:50,950 - PIL.PngImagePlugin - DEBUG - STREAM b'tRNS' 850 256
2025-06-25 23:43:50,950 - PIL.PngImagePlugin - DEBUG - STREAM b'pHYs' 1118 9
2025-06-25 23:43:50,950 - PIL.PngImagePlugin - DEBUG - STREAM b'IDAT' 1139 32111
2025-06-25 23:43:50,950 - PIL.PngImagePlugin - DEBUG - STREAM b'IHDR' 16 13
2025-06-25 23:43:50,950 - PIL.PngImagePlugin - DEBUG - STREAM b'sRGB' 41 1
2025-06-25 23:43:50,950 - PIL.PngImagePlugin - DEBUG - STREAM b'gAMA' 54 4
2025-06-25 23:43:50,950 - PIL.PngImagePlugin - DEBUG - STREAM b'PLTE' 70 768
2025-06-25 23:43:50,950 - PIL.PngImagePlugin - DEBUG - STREAM b'tRNS' 850 256
2025-06-25 23:43:50,950 - PIL.PngImagePlugin - DEBUG - STREAM b'pHYs' 1118 9
2025-06-25 23:43:50,950 - PIL.PngImagePlugin - DEBUG - STREAM b'IDAT' 1139 58353
2025-06-25 23:43:50,950 - PIL.PngImagePlugin - DEBUG - STREAM b'IHDR' 16 13
2025-06-25 23:43:50,950 - PIL.PngImagePlugin - DEBUG - STREAM b'sRGB' 41 1
2025-06-25 23:43:50,950 - PIL.PngImagePlugin - DEBUG - STREAM b'gAMA' 54 4
2025-06-25 23:43:50,950 - PIL.PngImagePlugin - DEBUG - STREAM b'PLTE' 70 768
2025-06-25 23:43:50,950 - PIL.PngImagePlugin - DEBUG - STREAM b'tRNS' 850 256
2025-06-25 23:43:50,950 - PIL.PngImagePlugin - DEBUG - STREAM b'pHYs' 1118 9
2025-06-25 23:43:50,950 - PIL.PngImagePlugin - DEBUG - STREAM b'IDAT' 1139 34358
2025-06-25 23:43:50,950 - PIL.PngImagePlugin - DEBUG - STREAM b'IHDR' 16 13
2025-06-25 23:43:50,950 - PIL.PngImagePlugin - DEBUG - STREAM b'sRGB' 41 1
2025-06-25 23:43:50,950 - PIL.PngImagePlugin - DEBUG - STREAM b'gAMA' 54 4
2025-06-25 23:43:50,950 - PIL.PngImagePlugin - DEBUG - STREAM b'PLTE' 70 768
2025-06-25 23:43:50,950 - PIL.PngImagePlugin - DEBUG - STREAM b'tRNS' 850 256
2025-06-25 23:43:50,950 - PIL.PngImagePlugin - DEBUG - STREAM b'pHYs' 1118 9
2025-06-25 23:43:50,950 - PIL.PngImagePlugin - DEBUG - STREAM b'IDAT' 1139 38799
2025-06-25 23:43:50,950 - PIL.PngImagePlugin - DEBUG - STREAM b'IHDR' 16 13
2025-06-25 23:43:50,951 - PIL.PngImagePlugin - DEBUG - STREAM b'sRGB' 41 1
2025-06-25 23:43:50,951 - PIL.PngImagePlugin - DEBUG - STREAM b'gAMA' 54 4
2025-06-25 23:43:50,951 - PIL.PngImagePlugin - DEBUG - STREAM b'PLTE' 70 768
2025-06-25 23:43:50,951 - PIL.PngImagePlugin - DEBUG - STREAM b'tRNS' 850 256
2025-06-25 23:43:50,951 - PIL.PngImagePlugin - DEBUG - STREAM b'pHYs' 1118 9
2025-06-25 23:43:50,951 - PIL.PngImagePlugin - DEBUG - STREAM b'IDAT' 1139 36837
2025-06-25 23:43:50,951 - PIL.PngImagePlugin - DEBUG - STREAM b'IHDR' 16 13
2025-06-25 23:43:50,951 - PIL.PngImagePlugin - DEBUG - STREAM b'sRGB' 41 1
2025-06-25 23:43:50,951 - PIL.PngImagePlugin - DEBUG - STREAM b'gAMA' 54 4
2025-06-25 23:43:50,951 - PIL.PngImagePlugin - DEBUG - STREAM b'PLTE' 70 768
2025-06-25 23:43:50,951 - PIL.PngImagePlugin - DEBUG - STREAM b'tRNS' 850 256
2025-06-25 23:43:50,951 - PIL.PngImagePlugin - DEBUG - STREAM b'pHYs' 1118 9
2025-06-25 23:43:50,951 - PIL.PngImagePlugin - DEBUG - STREAM b'IDAT' 1139 37851
2025-06-25 23:43:50,951 - PIL.PngImagePlugin - DEBUG - STREAM b'IHDR' 16 13
2025-06-25 23:43:50,951 - PIL.PngImagePlugin - DEBUG - STREAM b'sRGB' 41 1
2025-06-25 23:43:50,951 - PIL.PngImagePlugin - DEBUG - STREAM b'pHYs' 54 9
2025-06-25 23:43:50,951 - PIL.PngImagePlugin - DEBUG - STREAM b'tEXt' 75 25
2025-06-25 23:43:50,951 - PIL.PngImagePlugin - DEBUG - STREAM b'IDAT' 112 9480
2025-06-25 23:43:50,952 - PIL.PngImagePlugin - DEBUG - STREAM b'IHDR' 16 13
2025-06-25 23:43:50,952 - PIL.PngImagePlugin - DEBUG - STREAM b'sRGB' 41 1
2025-06-25 23:43:50,952 - PIL.PngImagePlugin - DEBUG - STREAM b'gAMA' 54 4
2025-06-25 23:43:50,952 - PIL.PngImagePlugin - DEBUG - STREAM b'cHRM' 70 32
2025-06-25 23:43:50,952 - PIL.PngImagePlugin - DEBUG - STREAM b'IDAT' 114 7595
2025-06-25 23:43:50,952 - PIL.PngImagePlugin - DEBUG - STREAM b'IHDR' 16 13
2025-06-25 23:43:50,952 - PIL.PngImagePlugin - DEBUG - STREAM b'sRGB' 41 1
2025-06-25 23:43:50,952 - PIL.PngImagePlugin - DEBUG - STREAM b'IDAT' 54 49491
2025-06-25 23:43:50,952 - PIL.PngImagePlugin - DEBUG - STREAM b'IHDR' 16 13
2025-06-25 23:43:50,952 - PIL.PngImagePlugin - DEBUG - STREAM b'sRGB' 41 1
2025-06-25 23:43:50,952 - PIL.PngImagePlugin - DEBUG - STREAM b'gAMA' 54 4
2025-06-25 23:43:50,952 - PIL.PngImagePlugin - DEBUG - STREAM b'PLTE' 70 768
2025-06-25 23:43:50,952 - PIL.PngImagePlugin - DEBUG - STREAM b'tRNS' 850 256
2025-06-25 23:43:50,952 - PIL.PngImagePlugin - DEBUG - STREAM b'pHYs' 1118 9
2025-06-25 23:43:50,952 - PIL.PngImagePlugin - DEBUG - STREAM b'IDAT' 1139 63822
2025-06-25 23:43:50,952 - PIL.PngImagePlugin - DEBUG - STREAM b'IHDR' 16 13
2025-06-25 23:43:50,952 - PIL.PngImagePlugin - DEBUG - STREAM b'tEXt' 41 25
2025-06-25 23:43:50,952 - PIL.PngImagePlugin - DEBUG - STREAM b'iTXt' 78 801
2025-06-25 23:43:50,952 - PIL.PngImagePlugin - DEBUG - STREAM b'IDAT' 891 14418
2025-06-25 23:43:50,953 - PIL.PngImagePlugin - DEBUG - STREAM b'IHDR' 16 13
2025-06-25 23:43:50,953 - PIL.PngImagePlugin - DEBUG - STREAM b'sRGB' 41 1
2025-06-25 23:43:50,953 - PIL.PngImagePlugin - DEBUG - STREAM b'gAMA' 54 4
2025-06-25 23:43:50,953 - PIL.PngImagePlugin - DEBUG - STREAM b'PLTE' 70 768
2025-06-25 23:43:50,953 - PIL.PngImagePlugin - DEBUG - STREAM b'tRNS' 850 256
2025-06-25 23:43:50,953 - PIL.PngImagePlugin - DEBUG - STREAM b'pHYs' 1118 9
2025-06-25 23:43:50,953 - PIL.PngImagePlugin - DEBUG - STREAM b'IDAT' 1139 31556
2025-06-25 23:43:50,953 - PIL.PngImagePlugin - DEBUG - STREAM b'IHDR' 16 13
2025-06-25 23:43:50,953 - PIL.PngImagePlugin - DEBUG - STREAM b'sRGB' 41 1
2025-06-25 23:43:50,953 - PIL.PngImagePlugin - DEBUG - STREAM b'gAMA' 54 4
2025-06-25 23:43:50,953 - PIL.PngImagePlugin - DEBUG - STREAM b'PLTE' 70 768
2025-06-25 23:43:50,953 - PIL.PngImagePlugin - DEBUG - STREAM b'tRNS' 850 256
2025-06-25 23:43:50,953 - PIL.PngImagePlugin - DEBUG - STREAM b'pHYs' 1118 9
2025-06-25 23:43:50,953 - PIL.PngImagePlugin - DEBUG - STREAM b'IDAT' 1139 38022
2025-06-25 23:43:50,953 - PIL.PngImagePlugin - DEBUG - STREAM b'IHDR' 16 13
2025-06-25 23:43:50,953 - PIL.PngImagePlugin - DEBUG - STREAM b'sRGB' 41 1
2025-06-25 23:43:50,953 - PIL.PngImagePlugin - DEBUG - STREAM b'gAMA' 54 4
2025-06-25 23:43:50,953 - PIL.PngImagePlugin - DEBUG - STREAM b'PLTE' 70 768
2025-06-25 23:43:50,953 - PIL.PngImagePlugin - DEBUG - STREAM b'tRNS' 850 256
2025-06-25 23:43:50,953 - PIL.PngImagePlugin - DEBUG - STREAM b'pHYs' 1118 9
2025-06-25 23:43:50,953 - PIL.PngImagePlugin - DEBUG - STREAM b'IDAT' 1139 54790
2025-06-25 23:43:50,953 - PIL.PngImagePlugin - DEBUG - STREAM b'IHDR' 16 13
2025-06-25 23:43:50,953 - PIL.PngImagePlugin - DEBUG - STREAM b'tEXt' 41 25
2025-06-25 23:43:50,953 - PIL.PngImagePlugin - DEBUG - STREAM b'iTXt' 78 801
2025-06-25 23:43:50,953 - PIL.PngImagePlugin - DEBUG - STREAM b'IDAT' 891 145202
2025-06-25 23:43:50,953 - PIL.PngImagePlugin - DEBUG - STREAM b'IHDR' 16 13
2025-06-25 23:43:50,953 - PIL.PngImagePlugin - DEBUG - STREAM b'sRGB' 41 1
2025-06-25 23:43:50,953 - PIL.PngImagePlugin - DEBUG - STREAM b'gAMA' 54 4
2025-06-25 23:43:50,954 - PIL.PngImagePlugin - DEBUG - STREAM b'PLTE' 70 768
2025-06-25 23:43:50,954 - PIL.PngImagePlugin - DEBUG - STREAM b'tRNS' 850 256
2025-06-25 23:43:50,954 - PIL.PngImagePlugin - DEBUG - STREAM b'pHYs' 1118 9
2025-06-25 23:43:50,954 - PIL.PngImagePlugin - DEBUG - STREAM b'IDAT' 1139 64397
2025-06-25 23:43:50,954 - PIL.PngImagePlugin - DEBUG - STREAM b'IHDR' 16 13
2025-06-25 23:43:50,954 - PIL.PngImagePlugin - DEBUG - STREAM b'sRGB' 41 1
2025-06-25 23:43:50,954 - PIL.PngImagePlugin - DEBUG - STREAM b'gAMA' 54 4
2025-06-25 23:43:50,954 - PIL.PngImagePlugin - DEBUG - STREAM b'pHYs' 70 9
2025-06-25 23:43:50,954 - PIL.PngImagePlugin - DEBUG - STREAM b'IDAT' 91 65445
2025-06-25 23:43:50,954 - PIL.PngImagePlugin - DEBUG - STREAM b'IHDR' 16 13
2025-06-25 23:43:50,954 - PIL.PngImagePlugin - DEBUG - STREAM b'sRGB' 41 1
2025-06-25 23:43:50,954 - PIL.PngImagePlugin - DEBUG - STREAM b'gAMA' 54 4
2025-06-25 23:43:50,954 - PIL.PngImagePlugin - DEBUG - STREAM b'PLTE' 70 768
2025-06-25 23:43:50,954 - PIL.PngImagePlugin - DEBUG - STREAM b'tRNS' 850 256
2025-06-25 23:43:50,954 - PIL.PngImagePlugin - DEBUG - STREAM b'pHYs' 1118 9
2025-06-25 23:43:50,954 - PIL.PngImagePlugin - DEBUG - STREAM b'IDAT' 1139 64397
2025-06-25 23:43:50,954 - PIL.PngImagePlugin - DEBUG - STREAM b'IHDR' 16 13
2025-06-25 23:43:50,954 - PIL.PngImagePlugin - DEBUG - STREAM b'sRGB' 41 1
2025-06-25 23:43:50,954 - PIL.PngImagePlugin - DEBUG - STREAM b'gAMA' 54 4
2025-06-25 23:43:50,954 - PIL.PngImagePlugin - DEBUG - STREAM b'pHYs' 70 9
2025-06-25 23:43:50,954 - PIL.PngImagePlugin - DEBUG - STREAM b'IDAT' 91 65445
2025-06-25 23:43:50,954 - PIL.PngImagePlugin - DEBUG - STREAM b'IHDR' 16 13
2025-06-25 23:43:50,954 - PIL.PngImagePlugin - DEBUG - STREAM b'sRGB' 41 1
2025-06-25 23:43:50,954 - PIL.PngImagePlugin - DEBUG - STREAM b'gAMA' 54 4
2025-06-25 23:43:50,954 - PIL.PngImagePlugin - DEBUG - STREAM b'pHYs' 70 9
2025-06-25 23:43:50,954 - PIL.PngImagePlugin - DEBUG - STREAM b'IDAT' 91 65445
2025-06-25 23:43:50,954 - PIL.PngImagePlugin - DEBUG - STREAM b'IHDR' 16 13
2025-06-25 23:43:50,954 - PIL.PngImagePlugin - DEBUG - STREAM b'sRGB' 41 1
2025-06-25 23:43:50,954 - PIL.PngImagePlugin - DEBUG - STREAM b'gAMA' 54 4
2025-06-25 23:43:50,954 - PIL.PngImagePlugin - DEBUG - STREAM b'pHYs' 70 9
2025-06-25 23:43:50,955 - PIL.PngImagePlugin - DEBUG - STREAM b'IDAT' 91 28906
2025-06-25 23:43:50,955 - PIL.PngImagePlugin - DEBUG - STREAM b'IHDR' 16 13
2025-06-25 23:43:50,955 - PIL.PngImagePlugin - DEBUG - STREAM b'sRGB' 41 1
2025-06-25 23:43:50,955 - PIL.PngImagePlugin - DEBUG - STREAM b'pHYs' 54 9
2025-06-25 23:43:50,955 - PIL.PngImagePlugin - DEBUG - STREAM b'IDAT' 75 31472
2025-06-25 23:43:50,955 - PIL.PngImagePlugin - DEBUG - STREAM b'IHDR' 16 13
2025-06-25 23:43:50,955 - PIL.PngImagePlugin - DEBUG - STREAM b'sRGB' 41 1
2025-06-25 23:43:50,955 - PIL.PngImagePlugin - DEBUG - STREAM b'pHYs' 54 9
2025-06-25 23:43:50,955 - PIL.PngImagePlugin - DEBUG - STREAM b'IDAT' 75 15374
2025-06-25 23:43:50,955 - PIL.PngImagePlugin - DEBUG - STREAM b'IHDR' 16 13
2025-06-25 23:43:50,955 - PIL.PngImagePlugin - DEBUG - STREAM b'sRGB' 41 1
2025-06-25 23:43:50,955 - PIL.PngImagePlugin - DEBUG - STREAM b'pHYs' 54 9
2025-06-25 23:43:50,955 - PIL.PngImagePlugin - DEBUG - STREAM b'IDAT' 75 18017
2025-06-25 23:43:50,955 - PIL.PngImagePlugin - DEBUG - STREAM b'IHDR' 16 13
2025-06-25 23:43:50,955 - PIL.PngImagePlugin - DEBUG - STREAM b'sRGB' 41 1
2025-06-25 23:43:50,955 - PIL.PngImagePlugin - DEBUG - STREAM b'pHYs' 54 9
2025-06-25 23:43:50,955 - PIL.PngImagePlugin - DEBUG - STREAM b'IDAT' 75 65461
2025-06-25 23:43:50,955 - PIL.PngImagePlugin - DEBUG - STREAM b'IHDR' 16 13
2025-06-25 23:43:50,955 - PIL.PngImagePlugin - DEBUG - STREAM b'tEXt' 41 25
2025-06-25 23:43:50,955 - PIL.PngImagePlugin - DEBUG - STREAM b'iTXt' 78 808
2025-06-25 23:43:50,955 - PIL.PngImagePlugin - DEBUG - STREAM b'IDAT' 898 342033
2025-06-25 23:43:50,955 - PIL.PngImagePlugin - DEBUG - STREAM b'IHDR' 16 13
2025-06-25 23:43:50,955 - PIL.PngImagePlugin - DEBUG - STREAM b'tEXt' 41 25
2025-06-25 23:43:50,955 - PIL.PngImagePlugin - DEBUG - STREAM b'iTXt' 78 808
2025-06-25 23:43:50,955 - PIL.PngImagePlugin - DEBUG - STREAM b'IDAT' 898 155861
2025-06-25 23:43:50,955 - PIL.PngImagePlugin - DEBUG - STREAM b'IHDR' 16 13
2025-06-25 23:43:50,955 - PIL.PngImagePlugin - DEBUG - STREAM b'tEXt' 41 25
2025-06-25 23:43:50,955 - PIL.PngImagePlugin - DEBUG - STREAM b'iTXt' 78 801
2025-06-25 23:43:50,956 - PIL.PngImagePlugin - DEBUG - STREAM b'IDAT' 891 114422
2025-06-25 23:43:50,956 - PIL.PngImagePlugin - DEBUG - STREAM b'IHDR' 16 13
2025-06-25 23:43:50,956 - PIL.PngImagePlugin - DEBUG - STREAM b'sRGB' 41 1
2025-06-25 23:43:50,956 - PIL.PngImagePlugin - DEBUG - STREAM b'gAMA' 54 4
2025-06-25 23:43:50,956 - PIL.PngImagePlugin - DEBUG - STREAM b'pHYs' 70 9
2025-06-25 23:43:50,956 - PIL.PngImagePlugin - DEBUG - STREAM b'IDAT' 91 65445
2025-06-25 23:43:50,956 - PIL.PngImagePlugin - DEBUG - STREAM b'IHDR' 16 13
2025-06-25 23:43:50,956 - PIL.PngImagePlugin - DEBUG - STREAM b'sRGB' 41 1
2025-06-25 23:43:50,956 - PIL.PngImagePlugin - DEBUG - STREAM b'gAMA' 54 4
2025-06-25 23:43:50,956 - PIL.PngImagePlugin - DEBUG - STREAM b'pHYs' 70 9
2025-06-25 23:43:50,956 - PIL.PngImagePlugin - DEBUG - STREAM b'IDAT' 91 65445
2025-06-25 23:43:50,956 - PIL.PngImagePlugin - DEBUG - STREAM b'IHDR' 16 13
2025-06-25 23:43:50,956 - PIL.PngImagePlugin - DEBUG - STREAM b'sRGB' 41 1
2025-06-25 23:43:50,956 - PIL.PngImagePlugin - DEBUG - STREAM b'gAMA' 54 4
2025-06-25 23:43:50,956 - PIL.PngImagePlugin - DEBUG - STREAM b'pHYs' 70 9
2025-06-25 23:43:50,956 - PIL.PngImagePlugin - DEBUG - STREAM b'IDAT' 91 12274
2025-06-25 23:44:53,748 - root - INFO - ===== Logging initialised =====
2025-06-25 23:45:12,433 - root - INFO - ===== Application terminated =====
2025-06-25 23:47:52,040 - root - INFO - ===== Logging initialised =====
2025-06-25 23:48:06,098 - orlando_toolkit.core.services.conversion_service - INFO - Converting DOCX → DITA: /home/orso/Downloads/FOR002A - Feuille de Renseignement NewPN.docx
2025-06-25 23:48:06,098 - orlando_toolkit.core.converter.docx_to_dita - INFO - Starting DOCX→DITA conversion (core.converter)…: /home/orso/Downloads/FOR002A - Feuille de Renseignement NewPN.docx
2025-06-25 23:48:06,123 - PIL.PngImagePlugin - DEBUG - STREAM b'IHDR' 16 13
2025-06-25 23:48:06,123 - PIL.PngImagePlugin - DEBUG - STREAM b'iCCP' 41 3150
2025-06-25 23:48:06,123 - PIL.PngImagePlugin - DEBUG - iCCP profile name b'ICC Profile'
2025-06-25 23:48:06,123 - PIL.PngImagePlugin - DEBUG - Compression method 0
2025-06-25 23:48:06,123 - PIL.PngImagePlugin - DEBUG - STREAM b'eXIf' 3203 56
2025-06-25 23:48:06,123 - PIL.PngImagePlugin - DEBUG - STREAM b'IDAT' 3271 10251
2025-06-25 23:48:06,123 - PIL.PngImagePlugin - DEBUG - STREAM b'IHDR' 16 13
2025-06-25 23:48:06,123 - PIL.PngImagePlugin - DEBUG - STREAM b'sRGB' 41 1
2025-06-25 23:48:06,123 - PIL.PngImagePlugin - DEBUG - STREAM b'gAMA' 54 4
2025-06-25 23:48:06,123 - PIL.PngImagePlugin - DEBUG - STREAM b'pHYs' 70 9
2025-06-25 23:48:06,123 - PIL.PngImagePlugin - DEBUG - STREAM b'IDAT' 91 6184
2025-06-25 23:48:06,144 - orlando_toolkit.core.converter.docx_to_dita - INFO - DOCX→DITA conversion finished (core.converter).
2025-06-25 23:48:12,050 - orlando_toolkit.ui.metadata_tab - INFO - Context updated: manual_title = Feuille de Renseignement NewPN
2025-06-25 23:48:17,098 - orlando_toolkit.ui.metadata_tab - INFO - Context updated: manual_code = FOR002A_TEST
2025-06-25 23:48:19,104 - orlando_toolkit.ui.metadata_tab - INFO - Context updated: revision_number = 1.1
2025-06-25 23:48:23,266 - orlando_toolkit.core.converter - INFO - Updating topic filenames and references (core.converter)…
2025-06-25 23:48:23,267 - orlando_toolkit.core.converter - INFO - Updating image names and references (core.converter)…
2025-06-25 23:48:23,268 - orlando_toolkit.core.services.conversion_service - INFO - Writing DITA package → /home/orso/Downloads/FOR002A_TEST.zip
2025-06-25 23:48:23,334 - orlando_toolkit.core.converter - INFO - DITA package saved to /tmp/orlando_packager_q79w7z0h
2025-06-25 23:50:36,367 - PIL.PngImagePlugin - DEBUG - STREAM b'IHDR' 16 13
2025-06-25 23:50:36,367 - PIL.PngImagePlugin - DEBUG - STREAM b'sRGB' 41 1
2025-06-25 23:50:36,367 - PIL.PngImagePlugin - DEBUG - STREAM b'gAMA' 54 4
2025-06-25 23:50:36,367 - PIL.PngImagePlugin - DEBUG - STREAM b'pHYs' 70 9
2025-06-25 23:50:36,367 - PIL.PngImagePlugin - DEBUG - STREAM b'IDAT' 91 6184
2025-06-25 23:50:37,672 - PIL.PngImagePlugin - DEBUG - STREAM b'IHDR' 16 13
2025-06-25 23:50:37,672 - PIL.PngImagePlugin - DEBUG - STREAM b'iCCP' 41 3150
2025-06-25 23:50:37,672 - PIL.PngImagePlugin - DEBUG - iCCP profile name b'ICC Profile'
2025-06-25 23:50:37,672 - PIL.PngImagePlugin - DEBUG - Compression method 0
2025-06-25 23:50:37,672 - PIL.PngImagePlugin - DEBUG - STREAM b'eXIf' 3203 56
2025-06-25 23:50:37,672 - PIL.PngImagePlugin - DEBUG - STREAM b'IDAT' 3271 10251
2025-06-25 23:50:38,882 - PIL.PngImagePlugin - DEBUG - STREAM b'IHDR' 16 13
2025-06-25 23:50:38,882 - PIL.PngImagePlugin - DEBUG - STREAM b'sRGB' 41 1
2025-06-25 23:50:38,882 - PIL.PngImagePlugin - DEBUG - STREAM b'gAMA' 54 4
2025-06-25 23:50:38,882 - PIL.PngImagePlugin - DEBUG - STREAM b'pHYs' 70 9
2025-06-25 23:50:38,882 - PIL.PngImagePlugin - DEBUG - STREAM b'IDAT' 91 6184
2025-06-25 23:50:41,826 - PIL.PngImagePlugin - DEBUG - STREAM b'IHDR' 16 13
2025-06-25 23:50:41,826 - PIL.PngImagePlugin - DEBUG - STREAM b'iCCP' 41 3150
2025-06-25 23:50:41,827 - PIL.PngImagePlugin - DEBUG - iCCP profile name b'ICC Profile'
2025-06-25 23:50:41,827 - PIL.PngImagePlugin - DEBUG - Compression method 0
2025-06-25 23:50:41,827 - PIL.PngImagePlugin - DEBUG - STREAM b'eXIf' 3203 56
2025-06-25 23:50:41,827 - PIL.PngImagePlugin - DEBUG - STREAM b'IDAT' 3271 10251
